Log file open, 05/22/22 15:29:18
LogWindows: Failed to load 'aqProf.dll' (GetLastError=126)
LogWindows: File 'aqProf.dll' does not exist
LogWindows: Failed to load 'VtuneApi.dll' (GetLastError=126)
LogWindows: File 'VtuneApi.dll' does not exist
LogWindows: Failed to load 'VtuneApi32e.dll' (GetLastError=126)
LogWindows: File 'VtuneApi32e.dll' does not exist
LogConsoleResponse: Display: Failed to find resolution value strings in scalability ini. Falling back to default.
LogConsoleResponse: Display: Failed to find resolution value strings in scalability ini. Falling back to default.
LogInit: Display: Running engine for game: GJ2
LogPlatformFile: Not using cached read wrapper
LogTaskGraph: Started task graph with 5 named threads and 35 total threads with 3 sets of task threads.
LogStats: Stats thread started at 1.103213
LogICUInternationalization: ICU TimeZone Detection - Raw Offset: +0:00, Platform Override: ''
LogInit: Display: Loading text-based GConfig....
LogPluginManager: Mounting plugin MeshPainting
LogPluginManager: Mounting plugin XGEController
LogPluginManager: Mounting plugin Paper2D
LogPluginManager: Mounting plugin LightPropagationVolume
LogPluginManager: Mounting plugin AISupport
LogPluginManager: Mounting plugin EnvironmentQueryEditor
LogPluginManager: Mounting plugin LiveLink
LogPluginManager: Mounting plugin CameraShakePreviewer
LogPluginManager: Mounting plugin GameplayCameras
LogPluginManager: Mounting plugin AnimationSharing
LogPluginManager: Mounting plugin CLionSourceCodeAccess
LogPluginManager: Mounting plugin CodeLiteSourceCodeAccess
LogPluginManager: Mounting plugin GitSourceControl
LogPluginManager: Mounting plugin KDevelopSourceCodeAccess
LogPluginManager: Mounting plugin NullSourceCodeAccess
LogPluginManager: Mounting plugin PerforceSourceControl
LogPluginManager: Mounting plugin PixWinPlugin
LogPluginManager: Mounting plugin PlasticSourceControl
LogPluginManager: Mounting plugin PluginUtils
LogPluginManager: Mounting plugin PropertyAccessNode
LogPluginManager: Mounting plugin RiderSourceCodeAccess
LogPluginManager: Mounting plugin SubversionSourceControl
LogPluginManager: Mounting plugin TextureFormatOodle
LogPluginManager: Mounting plugin UObjectPlugin
LogPluginManager: Mounting plugin VisualStudioCodeSourceCodeAccess
LogPluginManager: Mounting plugin VisualStudioSourceCodeAccess
LogPluginManager: Mounting plugin AssetManagerEditor
LogPluginManager: Mounting plugin XCodeSourceCodeAccess
LogPluginManager: Mounting plugin CryptoKeys
LogPluginManager: Mounting plugin CurveEditorTools
LogPluginManager: Mounting plugin FacialAnimation
LogPluginManager: Mounting plugin GameplayTagsEditor
LogPluginManager: Mounting plugin GeometryMode
LogPluginManager: Mounting plugin MacGraphicsSwitching
LogPluginManager: Mounting plugin DataValidation
LogPluginManager: Mounting plugin MaterialAnalyzer
LogPluginManager: Mounting plugin PluginBrowser
LogPluginManager: Mounting plugin MobileLauncherProfileWizard
LogPluginManager: Mounting plugin AlembicImporter
LogPluginManager: Mounting plugin SpeedTreeImporter
LogPluginManager: Mounting plugin AutomationUtils
LogPluginManager: Mounting plugin BackChannel
LogPluginManager: Mounting plugin ChaosCloth
LogPluginManager: Mounting plugin ChaosEditor
LogPluginManager: Mounting plugin ChaosNiagara
LogPluginManager: Mounting plugin ChaosSolverPlugin
LogPluginManager: Mounting plugin CharacterAI
LogPluginManager: Mounting plugin ChaosClothEditor
LogPluginManager: Mounting plugin GeometryCache
LogPluginManager: Mounting plugin GeometryCollectionPlugin
LogPluginManager: Mounting plugin GeometryProcessing
LogPluginManager: Mounting plugin MotoSynth
LogPluginManager: Mounting plugin OpenImageDenoise
LogPluginManager: Mounting plugin PlatformCrypto
LogPluginManager: Mounting plugin PlanarCut
LogPluginManager: Mounting plugin ProxyLODPlugin
LogPluginManager: Mounting plugin PythonScriptPlugin
LogPluginManager: Mounting plugin SkeletalReduction
LogPluginManager: Mounting plugin DatasmithContent
LogPluginManager: Mounting plugin VariantManagerContent
LogPluginManager: Mounting plugin Niagara
LogPluginManager: Mounting plugin LuminPlatformFeatures
LogPluginManager: Mounting plugin MagicLeap
LogPluginManager: Mounting plugin MagicLeapLightEstimation
LogPluginManager: Mounting plugin MagicLeapMedia
LogPluginManager: Mounting plugin AndroidMedia
LogPluginManager: Mounting plugin MagicLeapPassableWorld
LogPluginManager: Mounting plugin MLSDK
LogPluginManager: Mounting plugin AvfMedia
LogPluginManager: Mounting plugin ImgMedia
LogPluginManager: Mounting plugin MediaCompositing
LogPluginManager: Mounting plugin MediaPlayerEditor
LogPluginManager: Mounting plugin WebMMedia
LogPluginManager: Mounting plugin WmfMedia
LogPluginManager: Mounting plugin TcpMessaging
LogPluginManager: Mounting plugin ActorSequence
LogPluginManager: Mounting plugin UdpMessaging
LogPluginManager: Mounting plugin LevelSequenceEditor
LogPluginManager: Mounting plugin MatineeToLevelSequence
LogPluginManager: Mounting plugin TemplateSequence
LogPluginManager: Mounting plugin OnlineSubsystem
LogPluginManager: Mounting plugin OnlineSubsystemNull
LogPluginManager: Mounting plugin OnlineSubsystemUtils
LogPluginManager: Mounting plugin LauncherChunkInstaller
LogPluginManager: Mounting plugin ActorLayerUtilities
LogPluginManager: Mounting plugin AndroidDeviceProfileSelector
LogPluginManager: Mounting plugin AndroidMoviePlayer
LogPluginManager: Mounting plugin AndroidPermission
LogPluginManager: Mounting plugin AppleImageUtils
LogPluginManager: Mounting plugin AppleMoviePlayer
LogPluginManager: Mounting plugin ArchVisCharacter
LogPluginManager: Mounting plugin AssetTags
LogPluginManager: Mounting plugin AudioCapture
LogPluginManager: Mounting plugin AudioSynesthesia
LogPluginManager: Mounting plugin CableComponent
LogPluginManager: Mounting plugin ChunkDownloader
LogPluginManager: Mounting plugin CustomMeshComponent
LogPluginManager: Mounting plugin EditableMesh
LogPluginManager: Mounting plugin ExampleDeviceProfileSelector
LogPluginManager: Mounting plugin GoogleCloudMessaging
LogPluginManager: Mounting plugin GooglePAD
LogPluginManager: Mounting plugin IOSDeviceProfileSelector
LogPluginManager: Mounting plugin LinuxDeviceProfileSelector
LogPluginManager: Mounting plugin LocationServicesBPLibrary
LogPluginManager: Mounting plugin MobilePatchingUtils
LogPluginManager: Mounting plugin OpenXR
LogPluginManager: Mounting plugin OpenXREyeTracker
LogPluginManager: Mounting plugin OpenXRHandTracking
LogPluginManager: Mounting plugin PhysXVehicles
LogPluginManager: Mounting plugin PostSplashScreen
LogPluginManager: Mounting plugin ProceduralMeshComponent
LogPluginManager: Mounting plugin PropertyAccessEditor
LogPluginManager: Mounting plugin RuntimePhysXCooking
LogPluginManager: Mounting plugin SignificanceManager
LogPluginManager: Mounting plugin SoundFields
LogPluginManager: Mounting plugin Synthesis
LogPluginManager: Mounting plugin WebMMoviePlayer
LogPluginManager: Mounting plugin WindowsMoviePlayer
LogPluginManager: Mounting plugin Takes
LogPluginManager: Mounting plugin ScreenshotTools
LogPluginManager: Mounting plugin OodleNetwork
LogPluginManager: Mounting plugin OodleData
LogPluginManager: Mounting plugin ContentBrowserAssetDataSource
LogPluginManager: Mounting plugin ContentBrowserClassDataSource
LogPluginManager: Mounting plugin ContentBrowserFileDataSource
LogPluginManager: Mounting plugin OnlineSubsystemGooglePlay
LogPluginManager: Mounting plugin OnlineSubsystemIOS
LogPluginManager: Mounting plugin OculusVR
LogPluginManager: Mounting plugin SteamVR
PixWinPlugin: PIX capture plugin failed to initialize! Check that the process is launched from PIX.
LogInit: Using libcurl 7.55.1-DEV
LogInit:  - built for x86_64-pc-win32
LogInit:  - supports SSL with OpenSSL/1.1.1
LogInit:  - supports HTTP deflate (compression) using libz 1.2.8
LogInit:  - other features:
LogInit:      CURL_VERSION_SSL
LogInit:      CURL_VERSION_LIBZ
LogInit:      CURL_VERSION_IPV6
LogInit:      CURL_VERSION_ASYNCHDNS
LogInit:      CURL_VERSION_LARGEFILE
LogInit:      CURL_VERSION_IDN
LogInit:  CurlRequestOptions (configurable via config and command line):
LogInit:  - bVerifyPeer = true  - Libcurl will verify peer certificate
LogInit:  - bUseHttpProxy = false  - Libcurl will NOT use HTTP proxy
LogInit:  - bDontReuseConnections = false  - Libcurl will reuse connections
LogInit:  - MaxHostConnections = 16  - Libcurl will limit the number of connections to a host
LogInit:  - LocalHostAddr = Default
LogInit:  - BufferSize = 65536
LogOnline: OSS: Creating online subsystem instance for: NULL
LogInit: WinSock: version 1.1 (2.2), MaxSocks=32767, MaxUdp=65467
LogOnline: OSS: TryLoadSubsystemAndSetDefault: Loaded subsystem for module [NULL]
LogOculusPluginWrapper: OculusPlugin initialized successfully
LogHMD: Failed initializing OVRPlugin 1.59.0
LogInit: Build: ++UE4+Release-4.27-CL-18319896
LogInit: Engine Version: 4.27.2-18319896+++UE4+Release-4.27
LogInit: Compatible Engine Version: 4.27.0-17155196+++UE4+Release-4.27
LogInit: Net CL: 17155196
LogInit: OS: Windows 10 (Release 2009) (), CPU: AMD Ryzen 5 3600 6-Core Processor              , GPU: NVIDIA GeForce RTX 3060
LogInit: Compiled (64-bit): Nov 30 2021 07:12:08
LogInit: Compiled with Visual C++: 19.24.28315.00
LogInit: Build Configuration: Development
LogInit: Branch Name: ++UE4+Release-4.27
LogInit: Command Line:  -EpicPortal -epicusername=Skulltercore -epicuserid=b59c8d5fa9c04308a12c5d05c90a4013 -epiclocale=en -epicsandboxid=ue
LogInit: Base Directory: D:/Program Files/Unreal Engine/UE_4.27/Engine/Binaries/Win64/
LogInit: Allocator: TBB
LogInit: Installed Engine Build: 1
LogDevObjectVersion: Number of dev versions registered: 29
LogDevObjectVersion:   Dev-Blueprints (B0D832E4-1F89-4F0D-ACCF-7EB736FD4AA2): 10
LogDevObjectVersion:   Dev-Build (E1C64328-A22C-4D53-A36C-8E866417BD8C): 0
LogDevObjectVersion:   Dev-Core (375EC13C-06E4-48FB-B500-84F0262A717E): 4
LogDevObjectVersion:   Dev-Editor (E4B068ED-F494-42E9-A231-DA0B2E46BB41): 40
LogDevObjectVersion:   Dev-Framework (CFFC743F-43B0-4480-9391-14DF171D2073): 37
LogDevObjectVersion:   Dev-Mobile (B02B49B5-BB20-44E9-A304-32B752E40360): 3
LogDevObjectVersion:   Dev-Networking (A4E4105C-59A1-49B5-A7C5-40C4547EDFEE): 0
LogDevObjectVersion:   Dev-Online (39C831C9-5AE6-47DC-9A44-9C173E1C8E7C): 0
LogDevObjectVersion:   Dev-Physics (78F01B33-EBEA-4F98-B9B4-84EACCB95AA2): 14
LogDevObjectVersion:   Dev-Platform (6631380F-2D4D-43E0-8009-CF276956A95A): 0
LogDevObjectVersion:   Dev-Rendering (12F88B9F-8875-4AFC-A67C-D90C383ABD29): 45
LogDevObjectVersion:   Dev-Sequencer (7B5AE74C-D270-4C10-A958-57980B212A5A): 13
LogDevObjectVersion:   Dev-VR (D7296918-1DD6-4BDD-9DE2-64A83CC13884): 3
LogDevObjectVersion:   Dev-LoadTimes (C2A15278-BFE7-4AFE-6C17-90FF531DF755): 1
LogDevObjectVersion:   Private-Geometry (6EACA3D4-40EC-4CC1-B786-8BED09428FC5): 3
LogDevObjectVersion:   Dev-AnimPhys (29E575DD-E0A3-4627-9D10-D276232CDCEA): 17
LogDevObjectVersion:   Dev-Anim (AF43A65D-7FD3-4947-9873-3E8ED9C1BB05): 15
LogDevObjectVersion:   Dev-ReflectionCapture (6B266CEC-1EC7-4B8F-A30B-E4D90942FC07): 1
LogDevObjectVersion:   Dev-Automation (0DF73D61-A23F-47EA-B727-89E90C41499A): 1
LogDevObjectVersion:   FortniteMain (601D1886-AC64-4F84-AA16-D3DE0DEAC7D6): 47
LogDevObjectVersion:   FortniteRelease (E7086368-6B23-4C58-8439-1B7016265E91): 1
LogDevObjectVersion:   Dev-Enterprise (9DFFBCD6-494F-0158-E221-12823C92A888): 10
LogDevObjectVersion:   Dev-Niagara (F2AED0AC-9AFE-416F-8664-AA7FFA26D6FC): 1
LogDevObjectVersion:   Dev-Destruction (174F1F0B-B4C6-45A5-B13F-2EE8D0FB917D): 10
LogDevObjectVersion:   Dev-Physics-Ext (35F94A83-E258-406C-A318-09F59610247C): 41
LogDevObjectVersion:   Dev-PhysicsMaterial-Chaos (B68FC16E-8B1B-42E2-B453-215C058844FE): 1
LogDevObjectVersion:   Dev-CineCamera (B2E18506-4273-CFC2-A54E-F4BB758BBA07): 1
LogDevObjectVersion:   Dev-VirtualProduction (64F58936-FD1B-42BA-BA96-7289D5D0FA4E): 1
LogDevObjectVersion:   Dev-MediaFramework (6F0ED827-A609-4895-9C91-998D90180EA4): 2
LogInit: Presizing for max 25165824 objects, including 0 objects not considered by GC, pre-allocating 0 bytes for permanent pool.
LogConfig: Applying CVar settings from Section [/Script/Engine.StreamingSettings] File [D:/GitHub/Game Jam 2/Game-Jam-2/GJ2/Saved/Config/Windows/Engine.ini]
LogConfig: Setting CVar [[s.MinBulkDataSizeForAsyncLoading:131072]]
LogConfig: Setting CVar [[s.AsyncLoadingThreadEnabled:0]]
LogConfig: Setting CVar [[s.EventDrivenLoaderEnabled:1]]
LogConfig: Setting CVar [[s.WarnIfTimeLimitExceeded:0]]
LogConfig: Setting CVar [[s.TimeLimitExceededMultiplier:1.5]]
LogConfig: Setting CVar [[s.TimeLimitExceededMinTime:0.005]]
LogConfig: Setting CVar [[s.UseBackgroundLevelStreaming:1]]
LogConfig: Setting CVar [[s.PriorityAsyncLoadingExtraTime:15.0]]
LogConfig: Setting CVar [[s.LevelStreamingActorsUpdateTimeLimit:5.0]]
LogConfig: Setting CVar [[s.PriorityLevelStreamingActorsUpdateExtraTime:5.0]]
LogConfig: Setting CVar [[s.LevelStreamingComponentsRegistrationGranularity:10]]
LogConfig: Setting CVar [[s.UnregisterComponentsTimeLimit:1.0]]
LogConfig: Setting CVar [[s.LevelStreamingComponentsUnregistrationGranularity:5]]
LogConfig: Setting CVar [[s.FlushStreamingOnExit:1]]
LogInit: Object subsystem initialized
LogConfig: Setting CVar [[con.DebugEarlyDefault:1]]
LogConfig: Setting CVar [[r.setres:1280x720]]
[2022.05.22-14.29.21:091][  0]LogConfig: Setting CVar [[r.VSync:0]]
[2022.05.22-14.29.21:091][  0]LogConfig: Setting CVar [[r.RHICmdBypass:0]]
[2022.05.22-14.29.21:091][  0]LogConfig: Applying CVar settings from Section [/Script/Engine.RendererSettings] File [D:/GitHub/Game Jam 2/Game-Jam-2/GJ2/Saved/Config/Windows/Engine.ini]
[2022.05.22-14.29.21:091][  0]LogConfig: Setting CVar [[r.GPUCrashDebugging:0]]
[2022.05.22-14.29.21:091][  0]LogConfig: Applying CVar settings from Section [/Script/Engine.RendererOverrideSettings] File [D:/GitHub/Game Jam 2/Game-Jam-2/GJ2/Saved/Config/Windows/Engine.ini]
[2022.05.22-14.29.21:091][  0]LogConfig: Applying CVar settings from Section [/Script/Engine.StreamingSettings] File [D:/GitHub/Game Jam 2/Game-Jam-2/GJ2/Saved/Config/Windows/Engine.ini]
[2022.05.22-14.29.21:091][  0]LogConfig: Setting CVar [[s.MinBulkDataSizeForAsyncLoading:131072]]
[2022.05.22-14.29.21:091][  0]LogConfig: Setting CVar [[s.AsyncLoadingThreadEnabled:0]]
[2022.05.22-14.29.21:091][  0]LogConfig: Setting CVar [[s.EventDrivenLoaderEnabled:1]]
[2022.05.22-14.29.21:091][  0]LogConfig: Setting CVar [[s.WarnIfTimeLimitExceeded:0]]
[2022.05.22-14.29.21:091][  0]LogConfig: Setting CVar [[s.TimeLimitExceededMultiplier:1.5]]
[2022.05.22-14.29.21:091][  0]LogConfig: Setting CVar [[s.TimeLimitExceededMinTime:0.005]]
[2022.05.22-14.29.21:091][  0]LogConfig: Setting CVar [[s.UseBackgroundLevelStreaming:1]]
[2022.05.22-14.29.21:091][  0]LogConfig: Setting CVar [[s.PriorityAsyncLoadingExtraTime:15.0]]
[2022.05.22-14.29.21:091][  0]LogConfig: Setting CVar [[s.LevelStreamingActorsUpdateTimeLimit:5.0]]
[2022.05.22-14.29.21:092][  0]LogConfig: Setting CVar [[s.PriorityLevelStreamingActorsUpdateExtraTime:5.0]]
[2022.05.22-14.29.21:092][  0]LogConfig: Setting CVar [[s.LevelStreamingComponentsRegistrationGranularity:10]]
[2022.05.22-14.29.21:092][  0]LogConfig: Setting CVar [[s.UnregisterComponentsTimeLimit:1.0]]
[2022.05.22-14.29.21:092][  0]LogConfig: Setting CVar [[s.LevelStreamingComponentsUnregistrationGranularity:5]]
[2022.05.22-14.29.21:092][  0]LogConfig: Setting CVar [[s.FlushStreamingOnExit:1]]
[2022.05.22-14.29.21:092][  0]LogConfig: Applying CVar settings from Section [/Script/Engine.GarbageCollectionSettings] File [D:/GitHub/Game Jam 2/Game-Jam-2/GJ2/Saved/Config/Windows/Engine.ini]
[2022.05.22-14.29.21:092][  0]LogConfig: Setting CVar [[gc.MaxObjectsNotConsideredByGC:1]]
[2022.05.22-14.29.21:092][  0]LogConfig: Setting CVar [[gc.SizeOfPermanentObjectPool:0]]
[2022.05.22-14.29.21:092][  0]LogConfig: Setting CVar [[gc.FlushStreamingOnGC:0]]
[2022.05.22-14.29.21:092][  0]LogConfig: Setting CVar [[gc.NumRetriesBeforeForcingGC:10]]
[2022.05.22-14.29.21:092][  0]LogConfig: Setting CVar [[gc.AllowParallelGC:1]]
[2022.05.22-14.29.21:092][  0]LogConfig: Setting CVar [[gc.TimeBetweenPurgingPendingKillObjects:61.1]]
[2022.05.22-14.29.21:092][  0]LogConfig: Setting CVar [[gc.MaxObjectsInEditor:25165824]]
[2022.05.22-14.29.21:092][  0]LogConfig: Setting CVar [[gc.IncrementalBeginDestroyEnabled:1]]
[2022.05.22-14.29.21:092][  0]LogConfig: Setting CVar [[gc.CreateGCClusters:1]]
[2022.05.22-14.29.21:092][  0]LogConfig: Setting CVar [[gc.MinGCClusterSize:5]]
[2022.05.22-14.29.21:092][  0]LogConfig: Setting CVar [[gc.ActorClusteringEnabled:0]]
[2022.05.22-14.29.21:092][  0]LogConfig: Setting CVar [[gc.BlueprintClusteringEnabled:0]]
[2022.05.22-14.29.21:092][  0]LogConfig: Setting CVar [[gc.UseDisregardForGCOnDedicatedServers:0]]
[2022.05.22-14.29.21:092][  0]LogConfig: Setting CVar [[gc.MultithreadedDestructionEnabled:1]]
[2022.05.22-14.29.21:092][  0]LogConfig: Applying CVar settings from Section [/Script/Engine.NetworkSettings] File [D:/GitHub/Game Jam 2/Game-Jam-2/GJ2/Saved/Config/Windows/Engine.ini]
[2022.05.22-14.29.21:092][  0]LogConfig: Applying CVar settings from Section [/Script/UnrealEd.CookerSettings] File [D:/GitHub/Game Jam 2/Game-Jam-2/GJ2/Saved/Config/Windows/Engine.ini]
[2022.05.22-14.29.21:096][  0]LogConfig: Applying CVar settings from Section [ViewDistanceQuality@3] File [D:/GitHub/Game Jam 2/Game-Jam-2/GJ2/Saved/Config/Windows/Scalability.ini]
[2022.05.22-14.29.21:096][  0]LogConfig: Setting CVar [[r.SkeletalMeshLODBias:0]]
[2022.05.22-14.29.21:096][  0]LogConfig: Setting CVar [[r.ViewDistanceScale:1.0]]
[2022.05.22-14.29.21:096][  0]LogConfig: Applying CVar settings from Section [AntiAliasingQuality@3] File [D:/GitHub/Game Jam 2/Game-Jam-2/GJ2/Saved/Config/Windows/Scalability.ini]
[2022.05.22-14.29.21:096][  0]LogConfig: Setting CVar [[r.PostProcessAAQuality:4]]
[2022.05.22-14.29.21:096][  0]LogConfig: Applying CVar settings from Section [ShadowQuality@3] File [D:/GitHub/Game Jam 2/Game-Jam-2/GJ2/Saved/Config/Windows/Scalability.ini]
[2022.05.22-14.29.21:096][  0]LogConfig: Setting CVar [[r.LightFunctionQuality:1]]
[2022.05.22-14.29.21:096][  0]LogConfig: Setting CVar [[r.ShadowQuality:5]]
[2022.05.22-14.29.21:096][  0]LogConfig: Setting CVar [[r.Shadow.CSM.MaxCascades:10]]
[2022.05.22-14.29.21:096][  0]LogConfig: Setting CVar [[r.Shadow.MaxResolution:2048]]
[2022.05.22-14.29.21:096][  0]LogConfig: Setting CVar [[r.Shadow.MaxCSMResolution:2048]]
[2022.05.22-14.29.21:096][  0]LogConfig: Setting CVar [[r.Shadow.RadiusThreshold:0.01]]
[2022.05.22-14.29.21:096][  0]LogConfig: Setting CVar [[r.Shadow.DistanceScale:1.0]]
[2022.05.22-14.29.21:096][  0]LogConfig: Setting CVar [[r.Shadow.CSM.TransitionScale:1.0]]
[2022.05.22-14.29.21:096][  0]LogConfig: Setting CVar [[r.Shadow.PreShadowResolutionFactor:1.0]]
[2022.05.22-14.29.21:097][  0]LogConfig: Setting CVar [[r.DistanceFieldShadowing:1]]
[2022.05.22-14.29.21:097][  0]LogConfig: Setting CVar [[r.DistanceFieldAO:1]]
[2022.05.22-14.29.21:097][  0]LogConfig: Setting CVar [[r.AOQuality:2]]
[2022.05.22-14.29.21:097][  0]LogConfig: Setting CVar [[r.VolumetricFog:1]]
[2022.05.22-14.29.21:097][  0]LogConfig: Setting CVar [[r.VolumetricFog.GridPixelSize:8]]
[2022.05.22-14.29.21:097][  0]LogConfig: Setting CVar [[r.VolumetricFog.GridSizeZ:128]]
[2022.05.22-14.29.21:097][  0]LogConfig: Setting CVar [[r.VolumetricFog.HistoryMissSupersampleCount:4]]
[2022.05.22-14.29.21:097][  0]LogConfig: Setting CVar [[r.LightMaxDrawDistanceScale:1]]
[2022.05.22-14.29.21:097][  0]LogConfig: Setting CVar [[r.CapsuleShadows:1]]
[2022.05.22-14.29.21:097][  0]LogConfig: Applying CVar settings from Section [PostProcessQuality@3] File [D:/GitHub/Game Jam 2/Game-Jam-2/GJ2/Saved/Config/Windows/Scalability.ini]
[2022.05.22-14.29.21:097][  0]LogConfig: Setting CVar [[r.MotionBlurQuality:4]]
[2022.05.22-14.29.21:097][  0]LogConfig: Setting CVar [[r.AmbientOcclusionMipLevelFactor:0.4]]
[2022.05.22-14.29.21:097][  0]LogConfig: Setting CVar [[r.AmbientOcclusionMaxQuality:100]]
[2022.05.22-14.29.21:097][  0]LogConfig: Setting CVar [[r.AmbientOcclusionLevels:-1]]
[2022.05.22-14.29.21:097][  0]LogConfig: Setting CVar [[r.AmbientOcclusionRadiusScale:1.0]]
[2022.05.22-14.29.21:097][  0]LogConfig: Setting CVar [[r.DepthOfFieldQuality:2]]
[2022.05.22-14.29.21:097][  0]LogConfig: Setting CVar [[r.RenderTargetPoolMin:400]]
[2022.05.22-14.29.21:097][  0]LogConfig: Setting CVar [[r.LensFlareQuality:2]]
[2022.05.22-14.29.21:097][  0]LogConfig: Setting CVar [[r.SceneColorFringeQuality:1]]
[2022.05.22-14.29.21:097][  0]LogConfig: Setting CVar [[r.EyeAdaptationQuality:2]]
[2022.05.22-14.29.21:097][  0]LogConfig: Setting CVar [[r.BloomQuality:5]]
[2022.05.22-14.29.21:097][  0]LogConfig: Setting CVar [[r.FastBlurThreshold:100]]
[2022.05.22-14.29.21:097][  0]LogConfig: Setting CVar [[r.Upscale.Quality:3]]
[2022.05.22-14.29.21:097][  0]LogConfig: Setting CVar [[r.Tonemapper.GrainQuantization:1]]
[2022.05.22-14.29.21:097][  0]LogConfig: Setting CVar [[r.LightShaftQuality:1]]
[2022.05.22-14.29.21:097][  0]LogConfig: Setting CVar [[r.Filter.SizeScale:1]]
[2022.05.22-14.29.21:097][  0]LogConfig: Setting CVar [[r.Tonemapper.Quality:5]]
[2022.05.22-14.29.21:097][  0]LogConfig: Setting CVar [[r.DOF.Gather.AccumulatorQuality:1        ; higher gathering accumulator quality]]
[2022.05.22-14.29.21:097][  0]LogConfig: Setting CVar [[r.DOF.Gather.PostfilterMethod:1          ; Median3x3 postfilering method]]
[2022.05.22-14.29.21:097][  0]LogConfig: Setting CVar [[r.DOF.Gather.EnableBokehSettings:0       ; no bokeh simulation when gathering]]
[2022.05.22-14.29.21:097][  0]LogConfig: Setting CVar [[r.DOF.Gather.RingCount:4                 ; medium number of samples when gathering]]
[2022.05.22-14.29.21:097][  0]LogConfig: Setting CVar [[r.DOF.Scatter.ForegroundCompositing:1    ; additive foreground scattering]]
[2022.05.22-14.29.21:097][  0]LogConfig: Setting CVar [[r.DOF.Scatter.BackgroundCompositing:2    ; additive background scattering]]
[2022.05.22-14.29.21:097][  0]LogConfig: Setting CVar [[r.DOF.Scatter.EnableBokehSettings:1      ; bokeh simulation when scattering]]
[2022.05.22-14.29.21:097][  0]LogConfig: Setting CVar [[r.DOF.Scatter.MaxSpriteRatio:0.1         ; only a maximum of 10% of scattered bokeh]]
[2022.05.22-14.29.21:097][  0]LogConfig: Setting CVar [[r.DOF.Recombine.Quality:1                ; cheap slight out of focus]]
[2022.05.22-14.29.21:097][  0]LogConfig: Setting CVar [[r.DOF.Recombine.EnableBokehSettings:0    ; no bokeh simulation on slight out of focus]]
[2022.05.22-14.29.21:097][  0]LogConfig: Setting CVar [[r.DOF.TemporalAAQuality:1                ; more stable temporal accumulation]]
[2022.05.22-14.29.21:097][  0]LogConfig: Setting CVar [[r.DOF.Kernel.MaxForegroundRadius:0.025]]
[2022.05.22-14.29.21:097][  0]LogConfig: Setting CVar [[r.DOF.Kernel.MaxBackgroundRadius:0.025]]
[2022.05.22-14.29.21:097][  0]LogConfig: Applying CVar settings from Section [TextureQuality@3] File [D:/GitHub/Game Jam 2/Game-Jam-2/GJ2/Saved/Config/Windows/Scalability.ini]
[2022.05.22-14.29.21:097][  0]LogConfig: Setting CVar [[r.Streaming.MipBias:0]]
[2022.05.22-14.29.21:097][  0]LogConfig: Setting CVar [[r.Streaming.AmortizeCPUToGPUCopy:0]]
[2022.05.22-14.29.21:097][  0]LogConfig: Setting CVar [[r.Streaming.MaxNumTexturesToStreamPerFrame:0]]
[2022.05.22-14.29.21:097][  0]LogConfig: Setting CVar [[r.Streaming.Boost:1]]
[2022.05.22-14.29.21:097][  0]LogConfig: Setting CVar [[r.MaxAnisotropy:8]]
[2022.05.22-14.29.21:097][  0]LogConfig: Setting CVar [[r.VT.MaxAnisotropy:8]]
[2022.05.22-14.29.21:097][  0]LogConfig: Setting CVar [[r.Streaming.LimitPoolSizeToVRAM:0]]
[2022.05.22-14.29.21:097][  0]LogConfig: Setting CVar [[r.Streaming.PoolSize:1000]]
[2022.05.22-14.29.21:097][  0]LogConfig: Setting CVar [[r.Streaming.MaxEffectiveScreenSize:0]]
[2022.05.22-14.29.21:097][  0]LogConfig: Applying CVar settings from Section [EffectsQuality@3] File [D:/GitHub/Game Jam 2/Game-Jam-2/GJ2/Saved/Config/Windows/Scalability.ini]
[2022.05.22-14.29.21:097][  0]LogConfig: Setting CVar [[r.TranslucencyLightingVolumeDim:64]]
[2022.05.22-14.29.21:097][  0]LogConfig: Setting CVar [[r.RefractionQuality:2]]
[2022.05.22-14.29.21:097][  0]LogConfig: Setting CVar [[r.SSR.Quality:3]]
[2022.05.22-14.29.21:097][  0]LogConfig: Setting CVar [[r.SSR.HalfResSceneColor:0]]
[2022.05.22-14.29.21:097][  0]LogConfig: Setting CVar [[r.SceneColorFormat:4]]
[2022.05.22-14.29.21:097][  0]LogConfig: Setting CVar [[r.DetailMode:2]]
[2022.05.22-14.29.21:097][  0]LogConfig: Setting CVar [[r.TranslucencyVolumeBlur:1]]
[2022.05.22-14.29.21:097][  0]LogConfig: Setting CVar [[r.MaterialQualityLevel:1 ; High quality]]
[2022.05.22-14.29.21:097][  0]LogConfig: Setting CVar [[r.AnisotropicMaterials:1]]
[2022.05.22-14.29.21:097][  0]LogConfig: Setting CVar [[r.SSS.Scale:1]]
[2022.05.22-14.29.21:097][  0]LogConfig: Setting CVar [[r.SSS.SampleSet:2]]
[2022.05.22-14.29.21:097][  0]LogConfig: Setting CVar [[r.SSS.Quality:1]]
[2022.05.22-14.29.21:097][  0]LogConfig: Setting CVar [[r.SSS.HalfRes:0]]
[2022.05.22-14.29.21:097][  0]LogConfig: Setting CVar [[r.SSGI.Quality:3]]
[2022.05.22-14.29.21:097][  0]LogConfig: Setting CVar [[r.EmitterSpawnRateScale:1.0]]
[2022.05.22-14.29.21:097][  0]LogConfig: Setting CVar [[r.ParticleLightQuality:2]]
[2022.05.22-14.29.21:097][  0]LogConfig: Setting CVar [[r.SkyAtmosphere.AerialPerspectiveLUT.FastApplyOnOpaque:1 ; Always have FastSkyLUT 1 in this case to avoid wrong sky]]
[2022.05.22-14.29.21:097][  0]LogConfig: Setting CVar [[r.SkyAtmosphere.AerialPerspectiveLUT.SampleCountMaxPerSlice:4]]
[2022.05.22-14.29.21:097][  0]LogConfig: Setting CVar [[r.SkyAtmosphere.AerialPerspectiveLUT.DepthResolution:16.0]]
[2022.05.22-14.29.21:097][  0]LogConfig: Setting CVar [[r.SkyAtmosphere.FastSkyLUT:1]]
[2022.05.22-14.29.21:097][  0]LogConfig: Setting CVar [[r.SkyAtmosphere.FastSkyLUT.SampleCountMin:4.0]]
[2022.05.22-14.29.21:097][  0]LogConfig: Setting CVar [[r.SkyAtmosphere.FastSkyLUT.SampleCountMax:128.0]]
[2022.05.22-14.29.21:097][  0]LogConfig: Setting CVar [[r.SkyAtmosphere.SampleCountMin:4.0]]
[2022.05.22-14.29.21:097][  0]LogConfig: Setting CVar [[r.SkyAtmosphere.SampleCountMax:128.0]]
[2022.05.22-14.29.21:097][  0]LogConfig: Setting CVar [[r.SkyAtmosphere.TransmittanceLUT.UseSmallFormat:0]]
[2022.05.22-14.29.21:097][  0]LogConfig: Setting CVar [[r.SkyAtmosphere.TransmittanceLUT.SampleCount:10.0]]
[2022.05.22-14.29.21:097][  0]LogConfig: Setting CVar [[r.SkyAtmosphere.MultiScatteringLUT.SampleCount:15.0]]
[2022.05.22-14.29.21:097][  0]LogConfig: Setting CVar [[r.SkyLight.RealTimeReflectionCapture:1]]
[2022.05.22-14.29.21:097][  0]LogConfig: Applying CVar settings from Section [FoliageQuality@3] File [D:/GitHub/Game Jam 2/Game-Jam-2/GJ2/Saved/Config/Windows/Scalability.ini]
[2022.05.22-14.29.21:097][  0]LogConfig: Setting CVar [[foliage.DensityScale:1.0]]
[2022.05.22-14.29.21:097][  0]LogConfig: Setting CVar [[grass.DensityScale:1.0]]
[2022.05.22-14.29.21:097][  0]LogConfig: Applying CVar settings from Section [ShadingQuality@3] File [D:/GitHub/Game Jam 2/Game-Jam-2/GJ2/Saved/Config/Windows/Scalability.ini]
[2022.05.22-14.29.21:097][  0]LogConfig: Setting CVar [[r.HairStrands.SkyLighting.IntegrationType:2]]
[2022.05.22-14.29.21:097][  0]LogConfig: Setting CVar [[r.HairStrands.SkyAO.SampleCount:4]]
[2022.05.22-14.29.21:097][  0]LogConfig: Setting CVar [[r.HairStrands.Visibility.MSAA.SamplePerPixel:4]]
[2022.05.22-14.29.21:097][  0]LogInit: Selected Device Profile: [Windows]
[2022.05.22-14.29.21:097][  0]LogInit: Applying CVar settings loaded from the selected device profile: [Windows]
[2022.05.22-14.29.21:097][  0]LogHAL: Display: Platform has ~ 16 GB [17123651584 / 17179869184 / 16], which maps to Larger [LargestMinGB=32, LargerMinGB=12, DefaultMinGB=8, SmallerMinGB=6, SmallestMinGB=0)
[2022.05.22-14.29.21:098][  0]LogInit: Going up to parent DeviceProfile []
[2022.05.22-14.29.21:098][  0]LogConfig: Applying CVar settings from Section [ViewDistanceQuality@3] File [D:/GitHub/Game Jam 2/Game-Jam-2/GJ2/Saved/Config/Windows/Scalability.ini]
[2022.05.22-14.29.21:098][  0]LogConfig: Setting CVar [[r.SkeletalMeshLODBias:0]]
[2022.05.22-14.29.21:098][  0]LogConfig: Setting CVar [[r.ViewDistanceScale:1.0]]
[2022.05.22-14.29.21:098][  0]LogConfig: Applying CVar settings from Section [AntiAliasingQuality@3] File [D:/GitHub/Game Jam 2/Game-Jam-2/GJ2/Saved/Config/Windows/Scalability.ini]
[2022.05.22-14.29.21:098][  0]LogConfig: Setting CVar [[r.PostProcessAAQuality:4]]
[2022.05.22-14.29.21:098][  0]LogConfig: Applying CVar settings from Section [ShadowQuality@3] File [D:/GitHub/Game Jam 2/Game-Jam-2/GJ2/Saved/Config/Windows/Scalability.ini]
[2022.05.22-14.29.21:098][  0]LogConfig: Setting CVar [[r.LightFunctionQuality:1]]
[2022.05.22-14.29.21:098][  0]LogConfig: Setting CVar [[r.ShadowQuality:5]]
[2022.05.22-14.29.21:098][  0]LogConfig: Setting CVar [[r.Shadow.CSM.MaxCascades:10]]
[2022.05.22-14.29.21:098][  0]LogConfig: Setting CVar [[r.Shadow.MaxResolution:2048]]
[2022.05.22-14.29.21:098][  0]LogConfig: Setting CVar [[r.Shadow.MaxCSMResolution:2048]]
[2022.05.22-14.29.21:098][  0]LogConfig: Setting CVar [[r.Shadow.RadiusThreshold:0.01]]
[2022.05.22-14.29.21:098][  0]LogConfig: Setting CVar [[r.Shadow.DistanceScale:1.0]]
[2022.05.22-14.29.21:098][  0]LogConfig: Setting CVar [[r.Shadow.CSM.TransitionScale:1.0]]
[2022.05.22-14.29.21:098][  0]LogConfig: Setting CVar [[r.Shadow.PreShadowResolutionFactor:1.0]]
[2022.05.22-14.29.21:098][  0]LogConfig: Setting CVar [[r.DistanceFieldShadowing:1]]
[2022.05.22-14.29.21:098][  0]LogConfig: Setting CVar [[r.DistanceFieldAO:1]]
[2022.05.22-14.29.21:098][  0]LogConfig: Setting CVar [[r.AOQuality:2]]
[2022.05.22-14.29.21:098][  0]LogConfig: Setting CVar [[r.VolumetricFog:1]]
[2022.05.22-14.29.21:098][  0]LogConfig: Setting CVar [[r.VolumetricFog.GridPixelSize:8]]
[2022.05.22-14.29.21:098][  0]LogConfig: Setting CVar [[r.VolumetricFog.GridSizeZ:128]]
[2022.05.22-14.29.21:098][  0]LogConfig: Setting CVar [[r.VolumetricFog.HistoryMissSupersampleCount:4]]
[2022.05.22-14.29.21:098][  0]LogConfig: Setting CVar [[r.LightMaxDrawDistanceScale:1]]
[2022.05.22-14.29.21:098][  0]LogConfig: Setting CVar [[r.CapsuleShadows:1]]
[2022.05.22-14.29.21:098][  0]LogConfig: Applying CVar settings from Section [PostProcessQuality@3] File [D:/GitHub/Game Jam 2/Game-Jam-2/GJ2/Saved/Config/Windows/Scalability.ini]
[2022.05.22-14.29.21:098][  0]LogConfig: Setting CVar [[r.MotionBlurQuality:4]]
[2022.05.22-14.29.21:098][  0]LogConfig: Setting CVar [[r.AmbientOcclusionMipLevelFactor:0.4]]
[2022.05.22-14.29.21:098][  0]LogConfig: Setting CVar [[r.AmbientOcclusionMaxQuality:100]]
[2022.05.22-14.29.21:098][  0]LogConfig: Setting CVar [[r.AmbientOcclusionLevels:-1]]
[2022.05.22-14.29.21:098][  0]LogConfig: Setting CVar [[r.AmbientOcclusionRadiusScale:1.0]]
[2022.05.22-14.29.21:098][  0]LogConfig: Setting CVar [[r.DepthOfFieldQuality:2]]
[2022.05.22-14.29.21:098][  0]LogConfig: Setting CVar [[r.RenderTargetPoolMin:400]]
[2022.05.22-14.29.21:098][  0]LogConfig: Setting CVar [[r.LensFlareQuality:2]]
[2022.05.22-14.29.21:098][  0]LogConfig: Setting CVar [[r.SceneColorFringeQuality:1]]
[2022.05.22-14.29.21:098][  0]LogConfig: Setting CVar [[r.EyeAdaptationQuality:2]]
[2022.05.22-14.29.21:098][  0]LogConfig: Setting CVar [[r.BloomQuality:5]]
[2022.05.22-14.29.21:098][  0]LogConfig: Setting CVar [[r.FastBlurThreshold:100]]
[2022.05.22-14.29.21:098][  0]LogConfig: Setting CVar [[r.Upscale.Quality:3]]
[2022.05.22-14.29.21:098][  0]LogConfig: Setting CVar [[r.Tonemapper.GrainQuantization:1]]
[2022.05.22-14.29.21:098][  0]LogConfig: Setting CVar [[r.LightShaftQuality:1]]
[2022.05.22-14.29.21:098][  0]LogConfig: Setting CVar [[r.Filter.SizeScale:1]]
[2022.05.22-14.29.21:098][  0]LogConfig: Setting CVar [[r.Tonemapper.Quality:5]]
[2022.05.22-14.29.21:098][  0]LogConfig: Setting CVar [[r.DOF.Gather.AccumulatorQuality:1        ; higher gathering accumulator quality]]
[2022.05.22-14.29.21:098][  0]LogConfig: Setting CVar [[r.DOF.Gather.PostfilterMethod:1          ; Median3x3 postfilering method]]
[2022.05.22-14.29.21:098][  0]LogConfig: Setting CVar [[r.DOF.Gather.EnableBokehSettings:0       ; no bokeh simulation when gathering]]
[2022.05.22-14.29.21:098][  0]LogConfig: Setting CVar [[r.DOF.Gather.RingCount:4                 ; medium number of samples when gathering]]
[2022.05.22-14.29.21:098][  0]LogConfig: Setting CVar [[r.DOF.Scatter.ForegroundCompositing:1    ; additive foreground scattering]]
[2022.05.22-14.29.21:098][  0]LogConfig: Setting CVar [[r.DOF.Scatter.BackgroundCompositing:2    ; additive background scattering]]
[2022.05.22-14.29.21:098][  0]LogConfig: Setting CVar [[r.DOF.Scatter.EnableBokehSettings:1      ; bokeh simulation when scattering]]
[2022.05.22-14.29.21:098][  0]LogConfig: Setting CVar [[r.DOF.Scatter.MaxSpriteRatio:0.1         ; only a maximum of 10% of scattered bokeh]]
[2022.05.22-14.29.21:098][  0]LogConfig: Setting CVar [[r.DOF.Recombine.Quality:1                ; cheap slight out of focus]]
[2022.05.22-14.29.21:098][  0]LogConfig: Setting CVar [[r.DOF.Recombine.EnableBokehSettings:0    ; no bokeh simulation on slight out of focus]]
[2022.05.22-14.29.21:098][  0]LogConfig: Setting CVar [[r.DOF.TemporalAAQuality:1                ; more stable temporal accumulation]]
[2022.05.22-14.29.21:098][  0]LogConfig: Setting CVar [[r.DOF.Kernel.MaxForegroundRadius:0.025]]
[2022.05.22-14.29.21:098][  0]LogConfig: Setting CVar [[r.DOF.Kernel.MaxBackgroundRadius:0.025]]
[2022.05.22-14.29.21:098][  0]LogConfig: Applying CVar settings from Section [TextureQuality@3] File [D:/GitHub/Game Jam 2/Game-Jam-2/GJ2/Saved/Config/Windows/Scalability.ini]
[2022.05.22-14.29.21:098][  0]LogConfig: Setting CVar [[r.Streaming.MipBias:0]]
[2022.05.22-14.29.21:098][  0]LogConfig: Setting CVar [[r.Streaming.AmortizeCPUToGPUCopy:0]]
[2022.05.22-14.29.21:098][  0]LogConfig: Setting CVar [[r.Streaming.MaxNumTexturesToStreamPerFrame:0]]
[2022.05.22-14.29.21:098][  0]LogConfig: Setting CVar [[r.Streaming.Boost:1]]
[2022.05.22-14.29.21:098][  0]LogConfig: Setting CVar [[r.MaxAnisotropy:8]]
[2022.05.22-14.29.21:098][  0]LogConfig: Setting CVar [[r.VT.MaxAnisotropy:8]]
[2022.05.22-14.29.21:098][  0]LogConfig: Setting CVar [[r.Streaming.LimitPoolSizeToVRAM:0]]
[2022.05.22-14.29.21:098][  0]LogConfig: Setting CVar [[r.Streaming.PoolSize:1000]]
[2022.05.22-14.29.21:098][  0]LogConfig: Setting CVar [[r.Streaming.MaxEffectiveScreenSize:0]]
[2022.05.22-14.29.21:098][  0]LogConfig: Applying CVar settings from Section [EffectsQuality@3] File [D:/GitHub/Game Jam 2/Game-Jam-2/GJ2/Saved/Config/Windows/Scalability.ini]
[2022.05.22-14.29.21:098][  0]LogConfig: Setting CVar [[r.TranslucencyLightingVolumeDim:64]]
[2022.05.22-14.29.21:098][  0]LogConfig: Setting CVar [[r.RefractionQuality:2]]
[2022.05.22-14.29.21:098][  0]LogConfig: Setting CVar [[r.SSR.Quality:3]]
[2022.05.22-14.29.21:098][  0]LogConfig: Setting CVar [[r.SSR.HalfResSceneColor:0]]
[2022.05.22-14.29.21:098][  0]LogConfig: Setting CVar [[r.SceneColorFormat:4]]
[2022.05.22-14.29.21:098][  0]LogConfig: Setting CVar [[r.DetailMode:2]]
[2022.05.22-14.29.21:098][  0]LogConfig: Setting CVar [[r.TranslucencyVolumeBlur:1]]
[2022.05.22-14.29.21:098][  0]LogConfig: Setting CVar [[r.MaterialQualityLevel:1 ; High quality]]
[2022.05.22-14.29.21:098][  0]LogConfig: Setting CVar [[r.AnisotropicMaterials:1]]
[2022.05.22-14.29.21:098][  0]LogConfig: Setting CVar [[r.SSS.Scale:1]]
[2022.05.22-14.29.21:098][  0]LogConfig: Setting CVar [[r.SSS.SampleSet:2]]
[2022.05.22-14.29.21:098][  0]LogConfig: Setting CVar [[r.SSS.Quality:1]]
[2022.05.22-14.29.21:098][  0]LogConfig: Setting CVar [[r.SSS.HalfRes:0]]
[2022.05.22-14.29.21:098][  0]LogConfig: Setting CVar [[r.SSGI.Quality:3]]
[2022.05.22-14.29.21:098][  0]LogConfig: Setting CVar [[r.EmitterSpawnRateScale:1.0]]
[2022.05.22-14.29.21:098][  0]LogConfig: Setting CVar [[r.ParticleLightQuality:2]]
[2022.05.22-14.29.21:098][  0]LogConfig: Setting CVar [[r.SkyAtmosphere.AerialPerspectiveLUT.FastApplyOnOpaque:1 ; Always have FastSkyLUT 1 in this case to avoid wrong sky]]
[2022.05.22-14.29.21:098][  0]LogConfig: Setting CVar [[r.SkyAtmosphere.AerialPerspectiveLUT.SampleCountMaxPerSlice:4]]
[2022.05.22-14.29.21:098][  0]LogConfig: Setting CVar [[r.SkyAtmosphere.AerialPerspectiveLUT.DepthResolution:16.0]]
[2022.05.22-14.29.21:098][  0]LogConfig: Setting CVar [[r.SkyAtmosphere.FastSkyLUT:1]]
[2022.05.22-14.29.21:098][  0]LogConfig: Setting CVar [[r.SkyAtmosphere.FastSkyLUT.SampleCountMin:4.0]]
[2022.05.22-14.29.21:098][  0]LogConfig: Setting CVar [[r.SkyAtmosphere.FastSkyLUT.SampleCountMax:128.0]]
[2022.05.22-14.29.21:098][  0]LogConfig: Setting CVar [[r.SkyAtmosphere.SampleCountMin:4.0]]
[2022.05.22-14.29.21:098][  0]LogConfig: Setting CVar [[r.SkyAtmosphere.SampleCountMax:128.0]]
[2022.05.22-14.29.21:098][  0]LogConfig: Setting CVar [[r.SkyAtmosphere.TransmittanceLUT.UseSmallFormat:0]]
[2022.05.22-14.29.21:098][  0]LogConfig: Setting CVar [[r.SkyAtmosphere.TransmittanceLUT.SampleCount:10.0]]
[2022.05.22-14.29.21:098][  0]LogConfig: Setting CVar [[r.SkyAtmosphere.MultiScatteringLUT.SampleCount:15.0]]
[2022.05.22-14.29.21:099][  0]LogConfig: Setting CVar [[r.SkyLight.RealTimeReflectionCapture:1]]
[2022.05.22-14.29.21:099][  0]LogConfig: Applying CVar settings from Section [FoliageQuality@3] File [D:/GitHub/Game Jam 2/Game-Jam-2/GJ2/Saved/Config/Windows/Scalability.ini]
[2022.05.22-14.29.21:099][  0]LogConfig: Setting CVar [[foliage.DensityScale:1.0]]
[2022.05.22-14.29.21:099][  0]LogConfig: Setting CVar [[grass.DensityScale:1.0]]
[2022.05.22-14.29.21:099][  0]LogConfig: Applying CVar settings from Section [ShadingQuality@3] File [D:/GitHub/Game Jam 2/Game-Jam-2/GJ2/Saved/Config/Windows/Scalability.ini]
[2022.05.22-14.29.21:099][  0]LogConfig: Setting CVar [[r.HairStrands.SkyLighting.IntegrationType:2]]
[2022.05.22-14.29.21:099][  0]LogConfig: Setting CVar [[r.HairStrands.SkyAO.SampleCount:4]]
[2022.05.22-14.29.21:099][  0]LogConfig: Setting CVar [[r.HairStrands.Visibility.MSAA.SamplePerPixel:4]]
[2022.05.22-14.29.21:099][  0]LogConfig: Applying CVar settings from Section [Startup] File [../../../Engine/Config/ConsoleVariables.ini]
[2022.05.22-14.29.21:134][  0]LogConfig: Setting CVar [[net.UseAdaptiveNetUpdateFrequency:0]]
[2022.05.22-14.29.21:134][  0]LogConfig: Setting CVar [[p.chaos.AllowCreatePhysxBodies:1]]
[2022.05.22-14.29.21:134][  0]LogConfig: Setting CVar [[fx.SkipVectorVMBackendOptimizations:1]]
[2022.05.22-14.29.21:134][  0]LogConfig: Applying CVar settings from Section [ConsoleVariables] File [D:/GitHub/Game Jam 2/Game-Jam-2/GJ2/Saved/Config/Windows/Engine.ini]
[2022.05.22-14.29.21:134][  0]LogConfig: Applying CVar settings from Section [ConsoleVariables] File [D:/GitHub/Game Jam 2/Game-Jam-2/GJ2/Saved/Config/Windows/Editor.ini]
[2022.05.22-14.29.21:134][  0]LogInit: Computer: JOSEPHS-PC
[2022.05.22-14.29.21:134][  0]LogInit: User: JosephCalabro
[2022.05.22-14.29.21:134][  0]LogInit: CPU Page size=4096, Cores=6
[2022.05.22-14.29.21:134][  0]LogInit: High frequency timer resolution =10.000000 MHz
[2022.05.22-14.29.21:134][  0]LogMemory: Memory total: Physical=15.9GB (16GB approx)
[2022.05.22-14.29.21:134][  0]LogMemory: Platform Memory Stats for Windows
[2022.05.22-14.29.21:134][  0]LogMemory: Process Physical Memory: 147.75 MB used, 147.76 MB peak
[2022.05.22-14.29.21:134][  0]LogMemory: Process Virtual Memory: 133.98 MB used, 133.98 MB peak
[2022.05.22-14.29.21:134][  0]LogMemory: Physical Memory: 6767.09 MB used,  9563.30 MB free, 16330.39 MB total
[2022.05.22-14.29.21:134][  0]LogMemory: Virtual Memory: 134204960.00 MB used,  12770.08 MB free, 134217728.00 MB total
[2022.05.22-14.29.21:140][  0]LogWindows: WindowsPlatformFeatures enabled
[2022.05.22-14.29.21:609][  0]LogInit: Physics initialised using underlying interface: PhysX
[2022.05.22-14.29.21:642][  0]LogInit: Using OS detected language (en-GB).
[2022.05.22-14.29.21:642][  0]LogInit: Using OS detected locale (en-GB).
[2022.05.22-14.29.21:751][  0]LogTextLocalizationManager: No specific localization for 'en-GB' exists, so the 'en' localization will be used.
[2022.05.22-14.29.23:560][  0]LogInit: Setting process to per monitor DPI aware
[2022.05.22-14.29.23:570][  0]LogWindowsTextInputMethodSystem: Display: IME system deactivated.
[2022.05.22-14.29.23:647][  0]LogSlate: New Slate User Created.  User Index 0, Is Virtual User: 0
[2022.05.22-14.29.23:647][  0]LogSlate: Slate User Registered.  User Index 0, Is Virtual User: 0
[2022.05.22-14.29.24:524][  0]LogD3D11RHI: Loaded GFSDK_Aftermath_Lib.x64.dll
[2022.05.22-14.29.24:533][  0]LogHMD: Failed to initialize OpenVR with code 110
[2022.05.22-14.29.24:533][  0]LogD3D11RHI: D3D11 min allowed feature level: 11_0
[2022.05.22-14.29.24:533][  0]LogD3D11RHI: D3D11 max allowed feature level: 11_0
[2022.05.22-14.29.24:533][  0]LogD3D11RHI: D3D11 adapters:
[2022.05.22-14.29.24:633][  0]LogD3D11RHI:    0. 'NVIDIA GeForce RTX 3060' (Feature Level 11_0)
[2022.05.22-14.29.24:633][  0]LogD3D11RHI:       12142/0/8165 MB DedicatedVideo/DedicatedSystem/SharedSystem, Outputs:1, VendorId:0x10de
[2022.05.22-14.29.24:636][  0]LogD3D11RHI:    1. 'Microsoft Basic Render Driver' (Feature Level 11_0)
[2022.05.22-14.29.24:636][  0]LogD3D11RHI:       0/0/8165 MB DedicatedVideo/DedicatedSystem/SharedSystem, Outputs:0, VendorId:0x1414
[2022.05.22-14.29.24:636][  0]LogD3D11RHI: Chosen D3D11 Adapter:
[2022.05.22-14.29.24:636][  0]LogD3D11RHI:     Description : NVIDIA GeForce RTX 3060
[2022.05.22-14.29.24:636][  0]LogD3D11RHI:     VendorId    : 10de
[2022.05.22-14.29.24:636][  0]LogD3D11RHI:     DeviceId    : 2503
[2022.05.22-14.29.24:636][  0]LogD3D11RHI:     SubSysId    : 250310de
[2022.05.22-14.29.24:636][  0]LogD3D11RHI:     Revision    : 00a1
[2022.05.22-14.29.24:636][  0]LogD3D11RHI:     DedicatedVideoMemory : 12731809792 bytes
[2022.05.22-14.29.24:636][  0]LogD3D11RHI:     DedicatedSystemMemory : 0 bytes
[2022.05.22-14.29.24:636][  0]LogD3D11RHI:     SharedSystemMemory : 8561825792 bytes
[2022.05.22-14.29.24:636][  0]LogD3D11RHI:     AdapterLuid : 0 40881950
[2022.05.22-14.29.24:641][  0]LogD3D11RHI: Creating new Direct3DDevice
[2022.05.22-14.29.24:642][  0]LogD3D11RHI:     GPU DeviceId: 0x2503 (for the marketing name, search the web for "GPU Device Id")
[2022.05.22-14.29.24:642][  0]LogWindows: EnumDisplayDevices:
[2022.05.22-14.29.24:642][  0]LogWindows:    0. 'NVIDIA GeForce RTX 3060' (P:1 D:1)
[2022.05.22-14.29.24:642][  0]LogWindows:    1. 'NVIDIA GeForce RTX 3060' (P:0 D:0)
[2022.05.22-14.29.24:642][  0]LogWindows:    2. 'NVIDIA GeForce RTX 3060' (P:0 D:0)
[2022.05.22-14.29.24:642][  0]LogWindows:    3. 'NVIDIA GeForce RTX 3060' (P:0 D:0)
[2022.05.22-14.29.24:643][  0]LogWindows: DebugString: FoundDriverCount:4 
[2022.05.22-14.29.24:643][  0]LogD3D11RHI:     Adapter Name: NVIDIA GeForce RTX 3060
[2022.05.22-14.29.24:643][  0]LogD3D11RHI:   Driver Version: 512.77 (internal:30.0.15.1277, unified:512.77)
[2022.05.22-14.29.24:643][  0]LogD3D11RHI:      Driver Date: 5-4-2022
[2022.05.22-14.29.24:643][  0]LogRHI: Texture pool is 8499 MB (70% of 12142 MB)
[2022.05.22-14.29.24:643][  0]LogD3D11RHI: Creating D3DDevice using adapter:
[2022.05.22-14.29.24:643][  0]LogD3D11RHI:     Description : NVIDIA GeForce RTX 3060
[2022.05.22-14.29.24:643][  0]LogD3D11RHI:     VendorId    : 10de
[2022.05.22-14.29.24:643][  0]LogD3D11RHI:     DeviceId    : 2503
[2022.05.22-14.29.24:643][  0]LogD3D11RHI:     SubSysId    : 250310de
[2022.05.22-14.29.24:643][  0]LogD3D11RHI:     Revision    : 00a1
[2022.05.22-14.29.24:643][  0]LogD3D11RHI:     DedicatedVideoMemory : 12731809792 bytes
[2022.05.22-14.29.24:643][  0]LogD3D11RHI:     DedicatedSystemMemory : 0 bytes
[2022.05.22-14.29.24:643][  0]LogD3D11RHI:     SharedSystemMemory : 8561825792 bytes
[2022.05.22-14.29.24:643][  0]LogD3D11RHI:     AdapterLuid : 0 40881950
[2022.05.22-14.29.24:706][  0]LogD3D11RHI: RHI has support for 64 bit atomics
[2022.05.22-14.29.24:706][  0]LogD3D11RHI: Async texture creation enabled
[2022.05.22-14.29.24:706][  0]LogD3D11RHI: Array index from any shader is supported
[2022.05.22-14.29.24:727][  0]LogD3D11RHI: GPU Timing Frequency: 1000.000000 (Debug: 2 1)
[2022.05.22-14.29.24:779][  0]LogRHI: GeForceNow SDK initialized: 1
[2022.05.22-14.29.25:262][  0]LogTargetPlatformManager: Display: Loaded TargetPlatform 'AllDesktop'
[2022.05.22-14.29.25:295][  0]LogTargetPlatformManager: Display: Loaded TargetPlatform 'Android'
[2022.05.22-14.29.25:295][  0]LogTargetPlatformManager: Display: Loaded TargetPlatform 'Android_ASTC'
[2022.05.22-14.29.25:295][  0]LogTargetPlatformManager: Display: Loaded TargetPlatform 'Android_DXT'
[2022.05.22-14.29.25:295][  0]LogTargetPlatformManager: Display: Loaded TargetPlatform 'Android_ETC2'
[2022.05.22-14.29.25:295][  0]LogTargetPlatformManager: Display: Loaded TargetPlatform 'AndroidClient'
[2022.05.22-14.29.25:295][  0]LogTargetPlatformManager: Display: Loaded TargetPlatform 'Android_ASTCClient'
[2022.05.22-14.29.25:295][  0]LogTargetPlatformManager: Display: Loaded TargetPlatform 'Android_DXTClient'
[2022.05.22-14.29.25:295][  0]LogTargetPlatformManager: Display: Loaded TargetPlatform 'Android_ETC2Client'
[2022.05.22-14.29.25:295][  0]LogTargetPlatformManager: Display: Loaded TargetPlatform 'Android_Multi'
[2022.05.22-14.29.25:295][  0]LogTargetPlatformManager: Display: Loaded TargetPlatform 'Android_MultiClient'
[2022.05.22-14.29.25:333][  0]LogTargetPlatformManager: Display: Loaded TargetPlatform 'IOSClient'
[2022.05.22-14.29.25:333][  0]LogTargetPlatformManager: Display: Loaded TargetPlatform 'IOS'
[2022.05.22-14.29.25:366][  0]LogTargetPlatformManager: Display: Loaded TargetPlatform 'Linux'
[2022.05.22-14.29.25:371][  0]LogTargetPlatformManager: Display: Loaded TargetPlatform 'LinuxNoEditor'
[2022.05.22-14.29.25:376][  0]LogTargetPlatformManager: Display: Loaded TargetPlatform 'LinuxClient'
[2022.05.22-14.29.25:381][  0]LogTargetPlatformManager: Display: Loaded TargetPlatform 'LinuxServer'
[2022.05.22-14.29.25:393][  0]LogTargetPlatformManager: Display: Loaded TargetPlatform 'LinuxAArch64NoEditor'
[2022.05.22-14.29.25:399][  0]LogTargetPlatformManager: Display: Loaded TargetPlatform 'LinuxAArch64Client'
[2022.05.22-14.29.25:405][  0]LogTargetPlatformManager: Display: Loaded TargetPlatform 'LinuxAArch64Server'
[2022.05.22-14.29.25:428][  0]LogTargetPlatformManager: Display: Loaded TargetPlatform 'Lumin'
[2022.05.22-14.29.25:429][  0]LogTargetPlatformManager: Display: Loaded TargetPlatform 'LuminClient'
[2022.05.22-14.29.25:438][  0]LogTargetPlatformManager: Display: Loaded TargetPlatform 'MacNoEditor'
[2022.05.22-14.29.25:452][  0]LogTargetPlatformManager: Display: Loaded TargetPlatform 'Mac'
[2022.05.22-14.29.25:457][  0]LogTargetPlatformManager: Display: Loaded TargetPlatform 'MacClient'
[2022.05.22-14.29.25:462][  0]LogTargetPlatformManager: Display: Loaded TargetPlatform 'MacServer'
[2022.05.22-14.29.25:473][  0]LogTargetPlatformManager: Display: Loaded TargetPlatform 'TVOSClient'
[2022.05.22-14.29.25:473][  0]LogTargetPlatformManager: Display: Loaded TargetPlatform 'TVOS'
[2022.05.22-14.29.25:482][  0]LogTargetPlatformManager: Display: Loaded TargetPlatform 'WindowsNoEditor'
[2022.05.22-14.29.25:510][  0]LogTargetPlatformManager: Display: Loaded TargetPlatform 'Windows'
[2022.05.22-14.29.25:515][  0]LogTargetPlatformManager: Display: Loaded TargetPlatform 'WindowsClient'
[2022.05.22-14.29.25:520][  0]LogTargetPlatformManager: Display: Loaded TargetPlatform 'WindowsServer'
[2022.05.22-14.29.25:520][  0]LogTargetPlatformManager: Display: Building Assets For Windows
[2022.05.22-14.29.25:546][  0]LogAudioDebug: Display: Lib vorbis DLL was dynamically loaded.
[2022.05.22-14.29.25:631][  0]LogTextureFormatOodle: Display: Oodle Texture 2.9.0 init RDO Off
[2022.05.22-14.29.25:832][  0]LogRendererCore: Ray tracing is disabled. Reason: r.RayTracing=0.
[2022.05.22-14.29.25:832][  0]LogShaderCompilers: Guid format shader working directory is -4 characters bigger than the processId version (../../../../../../GitHub/Game Jam 2/Game-Jam-2/GJ2/Intermediate/Shaders/WorkingDirectory/2464/).
[2022.05.22-14.29.25:832][  0]LogShaderCompilers: Cleaned the shader compiler working directory 'C:/Users/Josep/AppData/Local/Temp/UnrealShaderWorkingDir/B91BDD9348641861D510AF8C2717FBB2/'.
[2022.05.22-14.29.25:832][  0]LogXGEController: Cannot use XGE Controller as Incredibuild is not installed on this machine.
[2022.05.22-14.29.25:832][  0]LogShaderCompilers: Cannot use XGE Shader Compiler as Incredibuild is not installed on this machine.
[2022.05.22-14.29.25:832][  0]LogShaderCompilers: Display: Using Local Shader Compiler.
[2022.05.22-14.29.28:859][  0]LogDerivedDataCache: Display: Max Cache Size: 512 MB
[2022.05.22-14.29.28:939][  0]LogDerivedDataCache: Loaded boot cache 0.08s 94MB C:/Users/Josep/AppData/Local/UnrealEngine/4.27/DerivedDataCache/Boot.ddc.
[2022.05.22-14.29.28:939][  0]LogDerivedDataCache: Display: Loaded Boot cache: C:/Users/Josep/AppData/Local/UnrealEngine/4.27/DerivedDataCache/Boot.ddc
[2022.05.22-14.29.28:939][  0]LogDerivedDataCache: FDerivedDataBackendGraph:  Pak pak cache file ../../../../../../GitHub/Game Jam 2/Game-Jam-2/GJ2/DerivedDataCache/DDC.ddp not found, will not use a pak cache.
[2022.05.22-14.29.28:940][  0]LogDerivedDataCache: Unable to find inner node Pak for hierarchical cache Hierarchy.
[2022.05.22-14.29.28:940][  0]LogDerivedDataCache: FDerivedDataBackendGraph:  CompressedPak pak cache file ../../../../../../GitHub/Game Jam 2/Game-Jam-2/GJ2/DerivedDataCache/Compressed.ddp not found, will not use a pak cache.
[2022.05.22-14.29.28:940][  0]LogDerivedDataCache: Unable to find inner node CompressedPak for hierarchical cache Hierarchy.
[2022.05.22-14.29.28:989][  0]LogDerivedDataCache: Display: Pak cache opened for reading ../../../Engine/DerivedDataCache/Compressed.ddp.
[2022.05.22-14.29.28:989][  0]LogDerivedDataCache: FDerivedDataBackendGraph:  EnterprisePak pak cache file ../../../Enterprise/DerivedDataCache/Compressed.ddp not found, will not use a pak cache.
[2022.05.22-14.29.28:989][  0]LogDerivedDataCache: Unable to find inner node EnterprisePak for hierarchical cache Hierarchy.
[2022.05.22-14.29.29:003][  0]LogDerivedDataCache: Speed tests for C:/Users/Josep/AppData/Local/UnrealEngine/Common/DerivedDataCache took 0.01 seconds
[2022.05.22-14.29.29:003][  0]LogDerivedDataCache: Display: Performance to C:/Users/Josep/AppData/Local/UnrealEngine/Common/DerivedDataCache: Latency=0.03ms. RandomReadSpeed=121.02MBs, RandomWriteSpeed=160.71MBs. Assigned SpeedClass 'Local'
[2022.05.22-14.29.29:003][  0]LogDerivedDataCache: Using Local data cache path C:/Users/Josep/AppData/Local/UnrealEngine/Common/DerivedDataCache: Writable
[2022.05.22-14.29.29:003][  0]LogDerivedDataCache: Shared data cache path not found in *engine.ini, will not use an Shared cache.
[2022.05.22-14.29.29:003][  0]LogDerivedDataCache: Unable to find inner node Shared for hierarchical cache Hierarchy.
[2022.05.22-14.29.29:043][  0]LogSlate: Using FreeType 2.10.0
[2022.05.22-14.29.29:045][  0]LogSlate: SlateFontServices - WITH_FREETYPE: 1, WITH_HARFBUZZ: 1
[2022.05.22-14.29.29:137][  0]LogAssetRegistry: FAssetRegistry took 0.0027 seconds to start up
[2022.05.22-14.29.29:428][  0]LogInit: Selected Device Profile: [Windows]
[2022.05.22-14.29.29:428][  0]LogInit: Active device profile: [0000025445B83E00][00000254438F7C00 49] Windows
[2022.05.22-14.29.29:428][  0]LogInit: Profiles: [0000025445B83E00][00000254438F7C00 49] Windows, [0000025445B34300][00000254439D0200 49] WindowsNoEditor, [0000025445B80300][00000254439D4380 49] WindowsServer, [0000025445B35C00][0000025443960500 49] WindowsClient, [0000025445B81A00][00000254438FA640 49] IOS, [0000025445B34E00][00000254439CC780 49] iPadAir, [0000025445B80D00][00000254444C28C0 49] iPadAir2, [0000025445AEC400][0000025446602B80 49] IPadPro, [0000025445AEC500][0000025443ACEBC0 49] iPadAir3, [0000025445B80500][00000254439A4D40 49] iPadAir4, [0000025445AEFA00][00000254439A8EC0 49] iPadMini2, [0000025445B80700][00000254439AD040 49] iPadMini3, [0000025445AED400][00000254439B11C0 49] iPadMini4, [0000025445B83A00][00000254439B5340 49] iPadMini5, [0000025445AE7C00][00000254439BD600 49] iPhone6, [0000025445AE7D00][00000254439B9640 49] iPodTouch6, [0000025445AEF300][00000254439C5900 49] iPhone7, [0000025445AEF200][00000254439C1940 49] iPodTouch7, [0000025445AE4800][00000254439C9AC0 49] iPhone5S, [0000025445AEE000][0000025443B320C0 49] iPhone6Plus, [0000025445AE7000][0000025443B36240 49] iPhone6S, [0000025445AEC300][0000025443B3A3C0 49] iPhone6SPlus, [0000025445AE5100][0000025443B3E540 49] iPhone7Plus, [0000025445AED600][0000025443B426C0 49] iPhoneSE, [0000025445AE6700][0000025443964800 49] iPhone8, [0000025445AEDC00][0000025443B46940 49] iPhone8Plus, [0000025445AE7E00][0000025443B4AA80 49] iPhoneX, [0000025445AEC200][0000025443B4EBC0 49] iPhoneXS, [0000025445AE4900][0000025443B56D40 49] iPhoneXSMax, [0000025445AEE100][0000025443AD2EC0 49] iPhoneXR, [0000025445AE6E00][0000025443AD7040 49] iPhone11, [0000025445AED800][0000025443ADB1C0 49] iPhone11Pro, [0000025445AE5300][0000025443ADF340 49] iPhone11ProMax, [0000025445AEFE00][0000025443AE34C0 49] iPhoneSE2, [0000025445AE7F00][0000025443AE7640 49] iPhone12Mini, [0000025445AEF900][0000025443AEB7C0 49] iPhone12, [0000025445AE6000][0000025443AEF940 49] iPhone12Pro, [0000025445AEF800][0000025443AF3AC0 49] iPhone12ProMax, [0000025445AE5900][0000025443AF60C0 49] iPadPro105, [0000025445AEE600][0000025443AFA240 49] iPadPro129, [0000025445AE5700][0000025443AFE3C0 49] iPadPro97, [0000025445AED000][0000025443B02540 49] iPadPro2_129, [0000025445AE4D00][0000025443B066C0 49] iPad5, [0000025445AECF00][000002544673C840 49] iPad6, [0000025445AE6300][0000025443B52980 49] iPad7, [0000025445AEDA00][0000025446740AC0 49] iPad8, [0000025445AE5C00][0000025446744C00 49] iPadPro11, [0000025445AECE00][0000025446748D40 49] iPadPro2_11, [0000025445AE6600][0000025446750EC0 49] iPadPro3_129, [0000025445AED200][0000025446755040 49] iPadPro4_129, [0000025445AE6100][00000254467591C0 49] AppleTV, [0000025445AEC100][000002544675D340 49] AppleTV4K, [0000025445AE6900][00000254467614C0 49] TVOS, [0000025445AEED00][0000025446765640 49] Mac, [0000025445AE7500][00000254467697C0 49] MacClient, [0000025445AEF600][000002544676D940 49] MacNoEditor, [0000025445AE5000][0000025446771AC0 49] MacServer, [0000025445AEDD00][00000254467740C0 49] Linux, [0000025445AE7900][0000025446778240 49] LinuxAArch64, [0000025445AEC800][000002544677C3C0 49] LinuxNoEditor, [0000025445AE7700][000002544688A540 49] LinuxAArch64NoEditor, [0000025445AEDB00][000002544688E6C0 49] LinuxClient, [0000025445AE6200][0000025446892840 49] LinuxAArch64Client, [0000025445AEFD00][00000254468969C0 49] LinuxServer, [0000025445AE5200][000002544689AB40 49] LinuxAArch64Server, [0000025445AEEA00][000002544674CC80 49] Android, [0000025445B37400][000002544689EDC0 49] Android_Low, [0000025445C3C500][00000254468A2F00 49] Android_Mid, [0000025445B34400][00000254468AB080 49] Android_High, [0000025445C3C100][00000254468AF200 49] Android_Default, [0000025445B34700][00000254468B3380 49] Android_Adreno4xx, [0000025445C3CD00][00000254468B7500 49] Android_Adreno5xx_Low, [0000025445B36D00][00000254468BB680 49] Android_Adreno5xx, [0000025445C3CF00][00000254468BF800 49] Android_Adreno6xx, [0000025445B36900][00000254468C3980 49] Android_Adreno6xx_Vulkan, [0000025445C3D200][00000254468C7B00 49] Android_Mali_T6xx, [0000025445B37000][00000254468CA100 49] Android_Mali_T7xx, [0000025445C3E600][00000254468CE280 49] Android_Mali_T8xx, [0000025445B34200][00000254468D2400 49] Android_Mali_G71, [0000025445C3D400][00000254468D6580 49] Android_Mali_G72, [0000025445B35800][00000254468DA700 49] Android_Mali_G72_Vulkan, [0000025445C3DF00][00000254468DE880 49] Android_Mali_G76, [0000025445B35000][00000254468E2A00 49] Android_Mali_G76_Vulkan, [0000025445C3C300][00000254468E6B80 49] Android_Mali_G77, [0000025445B36000][00000254468EAD00 49] Android_Mali_G77_Vulkan, [0000025445C3C400][00000254468A6E40 49] Android_Mali_G78, [0000025445B36800][00000254468EEF80 49] Android_Mali_G78_Vulkan, [0000025445C3ED00][00000254468F30C0 49] Android_Mali_G710, [0000025445B37600][00000254468FB240 49] Android_Mali_G710_Vulkan, [0000025445C3E700][00000254468FF3C0 49] Android_Vulkan_SM5, [0000025445B37D00][0000025446903540 49] Android_PowerVR_G6xxx, [0000025445C3C600][00000254469076C0 49] Android_PowerVR_GT7xxx, [0000025445B35400][000002544690B840 49] Android_PowerVR_GE8xxx, [0000025445C3E500][000002544690F9C0 49] Android_PowerVR_GM9xxx, [0000025445AEF500][0000025446913B40 49] Android_PowerVR_GM9xxx_Vulkan, [0000025445C3D700][0000025446916140 49] Android_TegraK1, [0000025445AEEB00][000002544691A2C0 49] Android_Unknown_Vulkan, [0000025445C3D600][00000254469A0440 49] Lumin, [0000025445AEF700][00000254469A45C0 49] Lumin_Desktop, [0000025445C3E100][00000254469A8740 49] HoloLens, 
[2022.05.22-14.29.29:812][  0]LogMeshReduction: Using QuadricMeshReduction for automatic static mesh reduction
[2022.05.22-14.29.29:812][  0]LogMeshReduction: Using SimplygonMeshReduction for automatic skeletal mesh reduction
[2022.05.22-14.29.29:812][  0]LogMeshReduction: Using ProxyLODMeshReduction for automatic mesh merging
[2022.05.22-14.29.29:812][  0]LogMeshReduction: No distributed automatic mesh merging module available
[2022.05.22-14.29.29:812][  0]LogMeshMerging: No distributed automatic mesh merging module available
[2022.05.22-14.29.29:874][  0]LogNetVersion: GJ2 1.0.0, NetCL: 17155196, EngineNetVer: 17, GameNetVer: 0 (Checksum: 2262397974)
[2022.05.22-14.29.33:231][  0]LogTexture: Default maximum texture size for cubemaps generated from long-lat sources has been changed from 512 to unlimited. In order to preserve old behaiour for '/Engine/MapTemplates/Sky/DaylightAmbientCubemap.DaylightAmbientCubemap', its maximum texture size has been explicitly set to 512.
[2022.05.22-14.29.33:402][  0]LogHMD: PokeAHoleMaterial loaded successfully
[2022.05.22-14.29.33:407][  0]LogUObjectArray: 17178 objects as part of root set at end of initial load.
[2022.05.22-14.29.33:407][  0]LogUObjectAllocator: 4302048 out of 0 bytes used by permanent object pool.
[2022.05.22-14.29.33:407][  0]LogUObjectArray: CloseDisregardForGC: 0/0 objects in disregard for GC pool
[2022.05.22-14.29.34:797][  0]LogPython: Using Python 3.7.7
[2022.05.22-14.29.35:733][  0]LogNiagaraDebuggerClient: Niagara Debugger Client Initialized | Session: 216F892D4BE3285FF87763A41E73A2C1 | Instance: A9C09FF34F920CD4C2AECD8C402801D7 (JOSEPHS-PC-2464).
[2022.05.22-14.29.36:241][  0]LogTcpMessaging: Initializing TcpMessaging bridge
[2022.05.22-14.29.36:271][  0]LogUdpMessaging: Initializing bridge on interface 0.0.0.0:0 to multicast group 230.0.0.1:6666.
[2022.05.22-14.29.36:864][  0]SourceControl: Source control is disabled
[2022.05.22-14.29.36:864][  0]SourceControl: Source control is disabled
[2022.05.22-14.29.36:887][  0]SourceControl: Source control is disabled
[2022.05.22-14.29.36:952][  0]SourceControl: Source control is disabled
[2022.05.22-14.29.36:967][  0]SourceControl: Source control is disabled
[2022.05.22-14.29.36:985][  0]LogUProjectInfo: Found projects:
[2022.05.22-14.29.37:751][  0]LogOpenImageDenoise: OIDN starting up
[2022.05.22-14.29.38:019][  0]LogAndroidPermission: UAndroidPermissionCallbackProxy::GetInstance
[2022.05.22-14.29.38:122][  0]LogAudioCaptureCore: Display: No Audio Capture implementations found. Audio input will be silent.
[2022.05.22-14.29.38:122][  0]LogAudioCaptureCore: Display: No Audio Capture implementations found. Audio input will be silent.
[2022.05.22-14.29.38:771][  0]LogCollectionManager: Loaded 0 collections in 0.000670 seconds
[2022.05.22-14.29.38:868][  0]LogFileCache: Scanning file cache for directory 'D:/GitHub/Game Jam 2/Game-Jam-2/GJ2/Saved/Collections/' took 0.00s
[2022.05.22-14.29.38:868][  0]LogFileCache: Scanning file cache for directory 'D:/GitHub/Game Jam 2/Game-Jam-2/GJ2/Content/Developers/JosephCalabro/Collections/' took 0.00s
[2022.05.22-14.29.38:868][  0]LogFileCache: Scanning file cache for directory 'D:/GitHub/Game Jam 2/Game-Jam-2/GJ2/Content/Collections/' took 0.00s
[2022.05.22-14.29.38:868][  0]LogOcInput: OculusInput pre-init called
[2022.05.22-14.29.39:520][  0]LogEngine: Initializing Engine...
[2022.05.22-14.29.39:581][  0]LogHMD: Optional extension XR_VARJO_quad_views is not available
[2022.05.22-14.29.39:581][  0]LogHMD: Warning: Required extension XR_EXT_eye_gaze_interaction is not available
[2022.05.22-14.29.39:581][  0]LogHMD: Could not enable all required OpenXR extensions for OpenXREyeTracker on current system. This plugin will be loaded but ignored, but will be enabled on a target platform that supports the required extension.
[2022.05.22-14.29.40:084][  0]LogHMD: Failed to get an OpenXR system, result is XR_ERROR_FORM_FACTOR_UNAVAILABLE. Please check that your runtime supports VR headsets.
[2022.05.22-14.29.40:084][  0]LogHMD: Failed to initialize OpenVR with code 110
[2022.05.22-14.29.40:084][  0]LogMagicLeap: Warning: VR disabled because ZI is not enabled.  To enable, in the editor, Edit -> Project Settings -> Plugins -> Magic Leap Plugin -> Enable Zero Iteration
[2022.05.22-14.29.40:085][  0]LogStats: UGameplayTagsManager::InitializeManager -  0.000 s
[2022.05.22-14.29.40:518][  0]LogInit: Initializing FReadOnlyCVARCache
[2022.05.22-14.29.40:584][  0]LogAIModule: Creating AISystem for world Untitled
[2022.05.22-14.29.40:584][  0]LogAudio: Display: Initializing Audio Device Manager...
[2022.05.22-14.29.40:604][  0]LogAudio: Display: Loading Default Audio Settings Objects...
[2022.05.22-14.29.40:612][  0]LogAudio: Display: No default SoundConcurrencyObject specified (or failed to load).
[2022.05.22-14.29.40:612][  0]LogAudio: Display: Audio Device Manager Initialized
[2022.05.22-14.29.40:612][  0]LogAudio: Display: Creating Audio Device:                 Id: 1, Scope: Shared, Realtime: True
[2022.05.22-14.29.40:612][  0]LogAudioMixer: Display: Audio Mixer Platform Settings:
[2022.05.22-14.29.40:612][  0]LogAudioMixer: Display: 	Sample Rate:						  48000
[2022.05.22-14.29.40:612][  0]LogAudioMixer: Display: 	Callback Buffer Frame Size Requested: 1024
[2022.05.22-14.29.40:612][  0]LogAudioMixer: Display: 	Callback Buffer Frame Size To Use:	  1024
[2022.05.22-14.29.40:613][  0]LogAudioMixer: Display: 	Number of buffers to queue:			  2
[2022.05.22-14.29.40:613][  0]LogAudioMixer: Display: 	Max Channels (voices):				  32
[2022.05.22-14.29.40:613][  0]LogAudioMixer: Display: 	Number of Async Source Workers:		  0
[2022.05.22-14.29.40:613][  0]LogAudio: Display: AudioDevice MaxSources: 32
[2022.05.22-14.29.40:613][  0]LogAudio: Display: Audio Spatialization Plugin: None (built-in).
[2022.05.22-14.29.40:613][  0]LogAudio: Display: Audio Reverb Plugin: None (built-in).
[2022.05.22-14.29.40:613][  0]LogAudio: Display: Audio Occlusion Plugin: None (built-in).
[2022.05.22-14.29.40:613][  0]LogAudioMixer: Display: Initializing audio mixer.
[2022.05.22-14.29.40:644][  0]LogAudioMixer: Display: 0: FrontLeft
[2022.05.22-14.29.40:644][  0]LogAudioMixer: Display: 1: FrontRight
[2022.05.22-14.29.40:664][  0]LogAudioMixer: Display: Using Audio Device Realtek HD Audio 2nd output (Realtek(R) Audio)
[2022.05.22-14.29.40:665][  0]LogAudioMixer: Display: Initializing Sound Submixes...
[2022.05.22-14.29.40:679][  0]LogAudioMixer: Display: Creating Master Submix 'MasterSubmixDefault'
[2022.05.22-14.29.40:679][  0]LogAudioMixer: Display: Creating Master Submix 'MasterReverbSubmixDefault'
[2022.05.22-14.29.40:680][  0]LogAudioMixer: Display: Creating Master Submix 'MasterEQSubmixDefault'
[2022.05.22-14.29.40:680][  0]LogAudioMixer: FMixerPlatformXAudio2::StartAudioStream() called
[2022.05.22-14.29.40:680][  0]LogAudioMixer: Display: Output buffers initialized: Frames=1024, Channels=2, Samples=2048
[2022.05.22-14.29.40:681][  0]LogAudioMixer: Display: Starting AudioMixerPlatformInterface::RunInternal()
[2022.05.22-14.29.40:681][  0]LogAudioMixer: Display: FMixerPlatformXAudio2::SubmitBuffer() called for the first time
[2022.05.22-14.29.40:681][  0]LogInit: FAudioDevice initialized.
[2022.05.22-14.29.40:681][  0]LogAudio: Display: Audio Device (ID: 1) registered with world 'Untitled'.
[2022.05.22-14.29.40:681][  0]LogNetVersion: Set ProjectVersion to 1.0.0.0. Version Checksum will be recalculated on next use.
[2022.05.22-14.29.40:732][  0]LogDerivedDataCache: Saved boot cache 0.05s 94MB C:/Users/Josep/AppData/Local/UnrealEngine/4.27/DerivedDataCache/Boot.ddc.
[2022.05.22-14.29.40:735][  0]LogInit: Texture streaming: Enabled
[2022.05.22-14.29.40:789][  0]LogAnalytics: Display: [UEEditor.Rocket.Release] APIServer = https://datarouter.ol.epicgames.com/. AppVersion = 4.27.2-18319896+++UE4+Release-4.27
[2022.05.22-14.29.40:836][  0]LogEngineSessionManager: EngineSessionManager initialized
[2022.05.22-14.29.40:837][  0]LogEngineSessionManager: EngineSessionManager sent abnormal shutdown report. Type=Crashed, SessionId={7D1FFAA2-4E6D-8857-5A40-3598A90D8DA8}
[2022.05.22-14.29.40:838][  0]LogEditorSessionSummary: Verbose: Initializing EditorSessionSummaryWriter for editor session tracking
[2022.05.22-14.29.40:839][  0]LogEditorSessionSummary: EditorSessionSummaryWriter initialized
[2022.05.22-14.29.40:929][  0]LogInit: Transaction tracking system initialized
[2022.05.22-14.29.41:209][  0]BlueprintLog: New page: Editor Load
[2022.05.22-14.29.41:493][  0]LocalizationService: Localization service is disabled
[2022.05.22-14.29.41:659][  0]TimingProfiler: Initialize
[2022.05.22-14.29.41:659][  0]TimingProfiler: OnSessionChanged
[2022.05.22-14.29.41:659][  0]LoadingProfiler: Initialize
[2022.05.22-14.29.41:659][  0]LoadingProfiler: OnSessionChanged
[2022.05.22-14.29.41:659][  0]NetworkingProfiler: Initialize
[2022.05.22-14.29.41:659][  0]NetworkingProfiler: OnSessionChanged
[2022.05.22-14.29.41:659][  0]MemoryProfiler: Initialize
[2022.05.22-14.29.41:659][  0]MemoryProfiler: OnSessionChanged
[2022.05.22-14.29.42:300][  0]LogCook: Display: CookSettings for Memory: MemoryMaxUsedVirtual 0MiB, MemoryMaxUsedPhysical 16384MiB, MemoryMinFreeVirtual 0MiB, MemoryMinFreePhysical 1024MiB
[2022.05.22-14.29.42:300][  0]LogCook: Display: Mobile HDR setting 1
[2022.05.22-14.29.42:944][  0]LogFileCache: Scanning file cache for directory 'D:/GitHub/Game Jam 2/Game-Jam-2/GJ2/Content/' took 0.00s
[2022.05.22-14.29.43:599][  0]LogInit: Display: Engine is initialized. Leaving FEngineLoop::Init()
[2022.05.22-14.29.43:658][  0]SourceControl: Source control is disabled
[2022.05.22-14.29.43:816][  0]LogSlate: Took 0.000615 seconds to synchronously load lazily loaded font '../../../Engine/Content/Slate/Fonts/Roboto-Regular.ttf' (155K)
[2022.05.22-14.31.18:229][  0]LogAudioMixer: Warning: Changing default audio render device to new device: {0.0.0.00000000}.{7d78715f-030c-4835-a8bb-ca9d78f5e25f}.
[2022.05.22-14.31.31:805][  0]LogSlate: Window 'Restore Packages' being destroyed
[2022.05.22-14.31.34:429][  0]LogSlate: Window 'Unable to Check Out From Source Control!' being destroyed
[2022.05.22-14.31.34:433][  0]Message dialog closed, result: Ok, title: Unable to Check Out From Source Control!, text: The following assets could not be successfully checked out from source control:
/Game/ThirdPersonBP/Maps/ThirdPersonExampleMap
[2022.05.22-14.31.34:447][  0]LogUnrealEdMisc: Loading editor; pre map load, took 138.330
[2022.05.22-14.31.34:447][  0]Cmd: MAP LOAD FILE="../../../../../../GitHub/Game Jam 2/Game-Jam-2/GJ2/Content/ThirdPersonBP/Maps/ThirdPersonExampleMap.umap" TEMPLATE=0 SHOWPROGRESS=1 FEATURELEVEL=3
[2022.05.22-14.31.34:448][  0]LightingResults: New page: Lighting Build
[2022.05.22-14.31.34:469][  0]LogAudioMixer: Resetting audio stream to device id 
[2022.05.22-14.31.34:476][  0]LogAudioMixer: Display: 0: FrontLeft
[2022.05.22-14.31.34:477][  0]LogAudioMixer: Display: 1: FrontRight
[2022.05.22-14.31.34:496][  0]LogWorld: UWorld::CleanupWorld for Untitled, bSessionEnded=true, bCleanupResources=true
[2022.05.22-14.31.34:497][  0]LogSlate: InvalidateAllWidgets triggered.  All widgets were invalidated
[2022.05.22-14.31.34:497][  0]MapCheck: New page: Map Check
[2022.05.22-14.31.34:497][  0]LightingResults: New page: Lighting Build
[2022.05.22-14.31.34:500][  0]LogAudio: Display: Audio Device unregistered from world 'None'.
[2022.05.22-14.31.34:503][  0]LogUObjectHash: Compacting FUObjectHashTables data took   0.89ms
[2022.05.22-14.31.35:281][  0]LogAudio: Display: Audio Device (ID: 1) registered with world 'ThirdPersonExampleMap'.
[2022.05.22-14.31.35:281][  0]LogAIModule: Creating AISystem for world ThirdPersonExampleMap
[2022.05.22-14.31.35:300][  0]LogEditorServer: Finished looking for orphan Actors (0.000 secs)
[2022.05.22-14.31.35:307][  0]LogUObjectHash: Compacting FUObjectHashTables data took   1.04ms
[2022.05.22-14.31.35:310][  0]Cmd: MAP CHECKDEP NOCLEARLOG
[2022.05.22-14.31.35:310][  0]MapCheck: Map check complete: 0 Error(s), 0 Warning(s), took 0.141ms to complete.
[2022.05.22-14.31.35:310][  0]LogFileHelpers: Loading map 'ThirdPersonExampleMap' took 0.863
[2022.05.22-14.31.35:313][  0]LogUnrealEdMisc: Total Editor Startup Time, took 139.196
[2022.05.22-14.31.35:455][  0]LogSlate: Updating window title bar state: overlay mode, drag disabled, window buttons hidden, title bar hidden
[2022.05.22-14.31.35:460][  0]LogSlate: Updating window title bar state: overlay mode, drag disabled, window buttons hidden, title bar hidden
[2022.05.22-14.31.35:465][  0]LogSlate: Updating window title bar state: overlay mode, drag disabled, window buttons hidden, title bar hidden
[2022.05.22-14.31.35:469][  0]LogSlate: Updating window title bar state: overlay mode, drag disabled, window buttons hidden, title bar hidden
[2022.05.22-14.31.35:547][  0]LogNativeClassHierarchy: Verbose: Native class hierarchy populated in 0.0103 seconds. Added 3822 classes and 928 folders.
[2022.05.22-14.31.35:579][  0]LogNativeClassHierarchy: Verbose: Native class hierarchy updated for 'WidgetCarousel' in 0.0003 seconds. Added 0 classes and 0 folders.
[2022.05.22-14.31.35:624][  0]LogPakFile: PakFile PrimaryIndexSize=187
[2022.05.22-14.31.35:624][  0]LogPakFile: PakFile PathHashIndexSize=101
[2022.05.22-14.31.35:624][  0]LogPakFile: PakFile FullDirectoryIndexSize=148
[2022.05.22-14.31.35:624][  0]LogShaderLibrary: Display: ShaderCodeLibraryPakFileMountedCallback: PakFile 'D:/Program Files/Unreal Engine/UE_4.27/FeaturePacks/FP_FirstPerson.upack' (chunk index -1, root 'root:/') mounted
[2022.05.22-14.31.35:624][  0]LogShaderLibrary: Display: ShaderCodeLibraryPakFileMountedCallback: pending pak file info (ChunkID:-1 Root:root:/ File:D:/Program Files/Unreal Engine/UE_4.27/FeaturePacks/FP_FirstPerson.upack)
[2022.05.22-14.31.35:624][  0]LogPakFile: OnPakFileMounted2Time == 0.000057
[2022.05.22-14.31.35:657][  0]LogPakFile: PakFile PrimaryIndexSize=189
[2022.05.22-14.31.35:657][  0]LogPakFile: PakFile PathHashIndexSize=101
[2022.05.22-14.31.35:657][  0]LogPakFile: PakFile FullDirectoryIndexSize=152
[2022.05.22-14.31.35:657][  0]LogShaderLibrary: Display: ShaderCodeLibraryPakFileMountedCallback: PakFile 'D:/Program Files/Unreal Engine/UE_4.27/FeaturePacks/FP_FirstPersonBP.upack' (chunk index -1, root 'root:/') mounted
[2022.05.22-14.31.35:657][  0]LogShaderLibrary: Display: ShaderCodeLibraryPakFileMountedCallback: pending pak file info (ChunkID:-1 Root:root:/ File:D:/Program Files/Unreal Engine/UE_4.27/FeaturePacks/FP_FirstPersonBP.upack)
[2022.05.22-14.31.35:657][  0]LogPakFile: OnPakFileMounted2Time == 0.000048
[2022.05.22-14.31.35:676][  0]LogPakFile: PakFile PrimaryIndexSize=191
[2022.05.22-14.31.35:676][  0]LogPakFile: PakFile PathHashIndexSize=101
[2022.05.22-14.31.35:676][  0]LogPakFile: PakFile FullDirectoryIndexSize=160
[2022.05.22-14.31.35:676][  0]LogShaderLibrary: Display: ShaderCodeLibraryPakFileMountedCallback: PakFile 'D:/Program Files/Unreal Engine/UE_4.27/FeaturePacks/MobileStarterContent.upack' (chunk index -1, root 'root:/') mounted
[2022.05.22-14.31.35:676][  0]LogShaderLibrary: Display: ShaderCodeLibraryPakFileMountedCallback: pending pak file info (ChunkID:-1 Root:root:/ File:D:/Program Files/Unreal Engine/UE_4.27/FeaturePacks/MobileStarterContent.upack)
[2022.05.22-14.31.35:676][  0]LogPakFile: OnPakFileMounted2Time == 0.000035
[2022.05.22-14.31.35:686][  0]LogPakFile: PakFile PrimaryIndexSize=185
[2022.05.22-14.31.35:686][  0]LogPakFile: PakFile PathHashIndexSize=101
[2022.05.22-14.31.35:686][  0]LogPakFile: PakFile FullDirectoryIndexSize=148
[2022.05.22-14.31.35:686][  0]LogShaderLibrary: Display: ShaderCodeLibraryPakFileMountedCallback: PakFile 'D:/Program Files/Unreal Engine/UE_4.27/FeaturePacks/StarterContent.upack' (chunk index -1, root 'root:/') mounted
[2022.05.22-14.31.35:686][  0]LogShaderLibrary: Display: ShaderCodeLibraryPakFileMountedCallback: pending pak file info (ChunkID:-1 Root:root:/ File:D:/Program Files/Unreal Engine/UE_4.27/FeaturePacks/StarterContent.upack)
[2022.05.22-14.31.35:686][  0]LogPakFile: OnPakFileMounted2Time == 0.000033
[2022.05.22-14.31.35:701][  0]LogPakFile: PakFile PrimaryIndexSize=190
[2022.05.22-14.31.35:701][  0]LogPakFile: PakFile PathHashIndexSize=101
[2022.05.22-14.31.35:701][  0]LogPakFile: PakFile FullDirectoryIndexSize=154
[2022.05.22-14.31.35:701][  0]LogShaderLibrary: Display: ShaderCodeLibraryPakFileMountedCallback: PakFile 'D:/Program Files/Unreal Engine/UE_4.27/FeaturePacks/TP_2DSideScroller.upack' (chunk index -1, root 'root:/') mounted
[2022.05.22-14.31.35:701][  0]LogShaderLibrary: Display: ShaderCodeLibraryPakFileMountedCallback: pending pak file info (ChunkID:-1 Root:root:/ File:D:/Program Files/Unreal Engine/UE_4.27/FeaturePacks/TP_2DSideScroller.upack)
[2022.05.22-14.31.35:701][  0]LogPakFile: OnPakFileMounted2Time == 0.000043
[2022.05.22-14.31.35:729][  0]LogPakFile: PakFile PrimaryIndexSize=192
[2022.05.22-14.31.35:729][  0]LogPakFile: PakFile PathHashIndexSize=101
[2022.05.22-14.31.35:729][  0]LogPakFile: PakFile FullDirectoryIndexSize=158
[2022.05.22-14.31.35:729][  0]LogShaderLibrary: Display: ShaderCodeLibraryPakFileMountedCallback: PakFile 'D:/Program Files/Unreal Engine/UE_4.27/FeaturePacks/TP_2DSideScrollerBP.upack' (chunk index -1, root 'root:/') mounted
[2022.05.22-14.31.35:729][  0]LogShaderLibrary: Display: ShaderCodeLibraryPakFileMountedCallback: pending pak file info (ChunkID:-1 Root:root:/ File:D:/Program Files/Unreal Engine/UE_4.27/FeaturePacks/TP_2DSideScrollerBP.upack)
[2022.05.22-14.31.35:729][  0]LogPakFile: OnPakFileMounted2Time == 0.000037
[2022.05.22-14.31.35:732][  0]LogPakFile: PakFile PrimaryIndexSize=182
[2022.05.22-14.31.35:732][  0]LogPakFile: PakFile PathHashIndexSize=101
[2022.05.22-14.31.35:732][  0]LogPakFile: PakFile FullDirectoryIndexSize=138
[2022.05.22-14.31.35:732][  0]LogShaderLibrary: Display: ShaderCodeLibraryPakFileMountedCallback: PakFile 'D:/Program Files/Unreal Engine/UE_4.27/FeaturePacks/TP_Flying.upack' (chunk index -1, root 'root:/') mounted
[2022.05.22-14.31.35:732][  0]LogShaderLibrary: Display: ShaderCodeLibraryPakFileMountedCallback: pending pak file info (ChunkID:-1 Root:root:/ File:D:/Program Files/Unreal Engine/UE_4.27/FeaturePacks/TP_Flying.upack)
[2022.05.22-14.31.35:732][  0]LogPakFile: OnPakFileMounted2Time == 0.000031
[2022.05.22-14.31.35:748][  0]LogPakFile: PakFile PrimaryIndexSize=184
[2022.05.22-14.31.35:748][  0]LogPakFile: PakFile PathHashIndexSize=101
[2022.05.22-14.31.35:748][  0]LogPakFile: PakFile FullDirectoryIndexSize=142
[2022.05.22-14.31.35:748][  0]LogShaderLibrary: Display: ShaderCodeLibraryPakFileMountedCallback: PakFile 'D:/Program Files/Unreal Engine/UE_4.27/FeaturePacks/TP_FlyingBP.upack' (chunk index -1, root 'root:/') mounted
[2022.05.22-14.31.35:748][  0]LogShaderLibrary: Display: ShaderCodeLibraryPakFileMountedCallback: pending pak file info (ChunkID:-1 Root:root:/ File:D:/Program Files/Unreal Engine/UE_4.27/FeaturePacks/TP_FlyingBP.upack)
[2022.05.22-14.31.35:748][  0]LogPakFile: OnPakFileMounted2Time == 0.000034
[2022.05.22-14.31.35:797][  0]LogPakFile: PakFile PrimaryIndexSize=188
[2022.05.22-14.31.35:797][  0]LogPakFile: PakFile PathHashIndexSize=101
[2022.05.22-14.31.35:797][  0]LogPakFile: PakFile FullDirectoryIndexSize=150
[2022.05.22-14.31.35:797][  0]LogShaderLibrary: Display: ShaderCodeLibraryPakFileMountedCallback: PakFile 'D:/Program Files/Unreal Engine/UE_4.27/FeaturePacks/TP_HandheldARBP.upack' (chunk index -1, root 'root:/') mounted
[2022.05.22-14.31.35:797][  0]LogShaderLibrary: Display: ShaderCodeLibraryPakFileMountedCallback: pending pak file info (ChunkID:-1 Root:root:/ File:D:/Program Files/Unreal Engine/UE_4.27/FeaturePacks/TP_HandheldARBP.upack)
[2022.05.22-14.31.35:797][  0]LogPakFile: OnPakFileMounted2Time == 0.000039
[2022.05.22-14.31.35:822][  0]LogPakFile: PakFile PrimaryIndexSize=182
[2022.05.22-14.31.35:822][  0]LogPakFile: PakFile PathHashIndexSize=101
[2022.05.22-14.31.35:822][  0]LogPakFile: PakFile FullDirectoryIndexSize=138
[2022.05.22-14.31.35:822][  0]LogShaderLibrary: Display: ShaderCodeLibraryPakFileMountedCallback: PakFile 'D:/Program Files/Unreal Engine/UE_4.27/FeaturePacks/TP_Puzzle.upack' (chunk index -1, root 'root:/') mounted
[2022.05.22-14.31.35:822][  0]LogShaderLibrary: Display: ShaderCodeLibraryPakFileMountedCallback: pending pak file info (ChunkID:-1 Root:root:/ File:D:/Program Files/Unreal Engine/UE_4.27/FeaturePacks/TP_Puzzle.upack)
[2022.05.22-14.31.35:822][  0]LogPakFile: OnPakFileMounted2Time == 0.000036
[2022.05.22-14.31.35:846][  0]LogPakFile: PakFile PrimaryIndexSize=184
[2022.05.22-14.31.35:846][  0]LogPakFile: PakFile PathHashIndexSize=101
[2022.05.22-14.31.35:846][  0]LogPakFile: PakFile FullDirectoryIndexSize=142
[2022.05.22-14.31.35:847][  0]LogShaderLibrary: Display: ShaderCodeLibraryPakFileMountedCallback: PakFile 'D:/Program Files/Unreal Engine/UE_4.27/FeaturePacks/TP_PuzzleBP.upack' (chunk index -1, root 'root:/') mounted
[2022.05.22-14.31.35:847][  0]LogShaderLibrary: Display: ShaderCodeLibraryPakFileMountedCallback: pending pak file info (ChunkID:-1 Root:root:/ File:D:/Program Files/Unreal Engine/UE_4.27/FeaturePacks/TP_PuzzleBP.upack)
[2022.05.22-14.31.35:847][  0]LogPakFile: OnPakFileMounted2Time == 0.000038
[2022.05.22-14.31.35:857][  0]LogPakFile: PakFile PrimaryIndexSize=183
[2022.05.22-14.31.35:857][  0]LogPakFile: PakFile PathHashIndexSize=101
[2022.05.22-14.31.35:857][  0]LogPakFile: PakFile FullDirectoryIndexSize=140
[2022.05.22-14.31.35:857][  0]LogShaderLibrary: Display: ShaderCodeLibraryPakFileMountedCallback: PakFile 'D:/Program Files/Unreal Engine/UE_4.27/FeaturePacks/TP_Rolling.upack' (chunk index -1, root 'root:/') mounted
[2022.05.22-14.31.35:857][  0]LogShaderLibrary: Display: ShaderCodeLibraryPakFileMountedCallback: pending pak file info (ChunkID:-1 Root:root:/ File:D:/Program Files/Unreal Engine/UE_4.27/FeaturePacks/TP_Rolling.upack)
[2022.05.22-14.31.35:857][  0]LogPakFile: OnPakFileMounted2Time == 0.000045
[2022.05.22-14.31.35:864][  0]LogPakFile: PakFile PrimaryIndexSize=185
[2022.05.22-14.31.35:865][  0]LogPakFile: PakFile PathHashIndexSize=101
[2022.05.22-14.31.35:865][  0]LogPakFile: PakFile FullDirectoryIndexSize=144
[2022.05.22-14.31.35:865][  0]LogShaderLibrary: Display: ShaderCodeLibraryPakFileMountedCallback: PakFile 'D:/Program Files/Unreal Engine/UE_4.27/FeaturePacks/TP_RollingBP.upack' (chunk index -1, root 'root:/') mounted
[2022.05.22-14.31.35:865][  0]LogShaderLibrary: Display: ShaderCodeLibraryPakFileMountedCallback: pending pak file info (ChunkID:-1 Root:root:/ File:D:/Program Files/Unreal Engine/UE_4.27/FeaturePacks/TP_RollingBP.upack)
[2022.05.22-14.31.35:865][  0]LogPakFile: OnPakFileMounted2Time == 0.000034
[2022.05.22-14.31.35:873][  0]LogPakFile: PakFile PrimaryIndexSize=188
[2022.05.22-14.31.35:873][  0]LogPakFile: PakFile PathHashIndexSize=101
[2022.05.22-14.31.35:873][  0]LogPakFile: PakFile FullDirectoryIndexSize=150
[2022.05.22-14.31.35:873][  0]LogShaderLibrary: Display: ShaderCodeLibraryPakFileMountedCallback: PakFile 'D:/Program Files/Unreal Engine/UE_4.27/FeaturePacks/TP_SideScroller.upack' (chunk index -1, root 'root:/') mounted
[2022.05.22-14.31.35:873][  0]LogShaderLibrary: Display: ShaderCodeLibraryPakFileMountedCallback: pending pak file info (ChunkID:-1 Root:root:/ File:D:/Program Files/Unreal Engine/UE_4.27/FeaturePacks/TP_SideScroller.upack)
[2022.05.22-14.31.35:873][  0]LogPakFile: OnPakFileMounted2Time == 0.000034
[2022.05.22-14.31.35:882][  0]LogPakFile: PakFile PrimaryIndexSize=190
[2022.05.22-14.31.35:882][  0]LogPakFile: PakFile PathHashIndexSize=101
[2022.05.22-14.31.35:882][  0]LogPakFile: PakFile FullDirectoryIndexSize=154
[2022.05.22-14.31.35:882][  0]LogShaderLibrary: Display: ShaderCodeLibraryPakFileMountedCallback: PakFile 'D:/Program Files/Unreal Engine/UE_4.27/FeaturePacks/TP_SideScrollerBP.upack' (chunk index -1, root 'root:/') mounted
[2022.05.22-14.31.35:882][  0]LogShaderLibrary: Display: ShaderCodeLibraryPakFileMountedCallback: pending pak file info (ChunkID:-1 Root:root:/ File:D:/Program Files/Unreal Engine/UE_4.27/FeaturePacks/TP_SideScrollerBP.upack)
[2022.05.22-14.31.35:882][  0]LogPakFile: OnPakFileMounted2Time == 0.000032
[2022.05.22-14.31.35:893][  0]LogPakFile: PakFile PrimaryIndexSize=187
[2022.05.22-14.31.35:893][  0]LogPakFile: PakFile PathHashIndexSize=101
[2022.05.22-14.31.35:893][  0]LogPakFile: PakFile FullDirectoryIndexSize=148
[2022.05.22-14.31.35:894][  0]LogShaderLibrary: Display: ShaderCodeLibraryPakFileMountedCallback: PakFile 'D:/Program Files/Unreal Engine/UE_4.27/FeaturePacks/TP_ThirdPerson.upack' (chunk index -1, root 'root:/') mounted
[2022.05.22-14.31.35:894][  0]LogShaderLibrary: Display: ShaderCodeLibraryPakFileMountedCallback: pending pak file info (ChunkID:-1 Root:root:/ File:D:/Program Files/Unreal Engine/UE_4.27/FeaturePacks/TP_ThirdPerson.upack)
[2022.05.22-14.31.35:894][  0]LogPakFile: OnPakFileMounted2Time == 0.000039
[2022.05.22-14.31.35:902][  0]LogPakFile: PakFile PrimaryIndexSize=189
[2022.05.22-14.31.35:902][  0]LogPakFile: PakFile PathHashIndexSize=101
[2022.05.22-14.31.35:902][  0]LogPakFile: PakFile FullDirectoryIndexSize=152
[2022.05.22-14.31.35:902][  0]LogShaderLibrary: Display: ShaderCodeLibraryPakFileMountedCallback: PakFile 'D:/Program Files/Unreal Engine/UE_4.27/FeaturePacks/TP_ThirdPersonBP.upack' (chunk index -1, root 'root:/') mounted
[2022.05.22-14.31.35:902][  0]LogShaderLibrary: Display: ShaderCodeLibraryPakFileMountedCallback: pending pak file info (ChunkID:-1 Root:root:/ File:D:/Program Files/Unreal Engine/UE_4.27/FeaturePacks/TP_ThirdPersonBP.upack)
[2022.05.22-14.31.35:902][  0]LogPakFile: OnPakFileMounted2Time == 0.000039
[2022.05.22-14.31.35:905][  0]LogPakFile: PakFile PrimaryIndexSize=183
[2022.05.22-14.31.35:905][  0]LogPakFile: PakFile PathHashIndexSize=101
[2022.05.22-14.31.35:905][  0]LogPakFile: PakFile FullDirectoryIndexSize=140
[2022.05.22-14.31.35:905][  0]LogShaderLibrary: Display: ShaderCodeLibraryPakFileMountedCallback: PakFile 'D:/Program Files/Unreal Engine/UE_4.27/FeaturePacks/TP_TopDown.upack' (chunk index -1, root 'root:/') mounted
[2022.05.22-14.31.35:905][  0]LogShaderLibrary: Display: ShaderCodeLibraryPakFileMountedCallback: pending pak file info (ChunkID:-1 Root:root:/ File:D:/Program Files/Unreal Engine/UE_4.27/FeaturePacks/TP_TopDown.upack)
[2022.05.22-14.31.35:905][  0]LogPakFile: OnPakFileMounted2Time == 0.000039
[2022.05.22-14.31.35:911][  0]LogPakFile: PakFile PrimaryIndexSize=185
[2022.05.22-14.31.35:911][  0]LogPakFile: PakFile PathHashIndexSize=101
[2022.05.22-14.31.35:911][  0]LogPakFile: PakFile FullDirectoryIndexSize=144
[2022.05.22-14.31.35:911][  0]LogShaderLibrary: Display: ShaderCodeLibraryPakFileMountedCallback: PakFile 'D:/Program Files/Unreal Engine/UE_4.27/FeaturePacks/TP_TopDownBP.upack' (chunk index -1, root 'root:/') mounted
[2022.05.22-14.31.35:911][  0]LogShaderLibrary: Display: ShaderCodeLibraryPakFileMountedCallback: pending pak file info (ChunkID:-1 Root:root:/ File:D:/Program Files/Unreal Engine/UE_4.27/FeaturePacks/TP_TopDownBP.upack)
[2022.05.22-14.31.35:911][  0]LogPakFile: OnPakFileMounted2Time == 0.000033
[2022.05.22-14.31.35:920][  0]LogPakFile: PakFile PrimaryIndexSize=185
[2022.05.22-14.31.35:920][  0]LogPakFile: PakFile PathHashIndexSize=101
[2022.05.22-14.31.35:920][  0]LogPakFile: PakFile FullDirectoryIndexSize=144
[2022.05.22-14.31.35:920][  0]LogShaderLibrary: Display: ShaderCodeLibraryPakFileMountedCallback: PakFile 'D:/Program Files/Unreal Engine/UE_4.27/FeaturePacks/TP_TwinStick.upack' (chunk index -1, root 'root:/') mounted
[2022.05.22-14.31.35:920][  0]LogShaderLibrary: Display: ShaderCodeLibraryPakFileMountedCallback: pending pak file info (ChunkID:-1 Root:root:/ File:D:/Program Files/Unreal Engine/UE_4.27/FeaturePacks/TP_TwinStick.upack)
[2022.05.22-14.31.35:920][  0]LogPakFile: OnPakFileMounted2Time == 0.000029
[2022.05.22-14.31.35:935][  0]LogPakFile: PakFile PrimaryIndexSize=187
[2022.05.22-14.31.35:935][  0]LogPakFile: PakFile PathHashIndexSize=101
[2022.05.22-14.31.35:935][  0]LogPakFile: PakFile FullDirectoryIndexSize=148
[2022.05.22-14.31.35:935][  0]LogShaderLibrary: Display: ShaderCodeLibraryPakFileMountedCallback: PakFile 'D:/Program Files/Unreal Engine/UE_4.27/FeaturePacks/TP_TwinStickBP.upack' (chunk index -1, root 'root:/') mounted
[2022.05.22-14.31.35:935][  0]LogShaderLibrary: Display: ShaderCodeLibraryPakFileMountedCallback: pending pak file info (ChunkID:-1 Root:root:/ File:D:/Program Files/Unreal Engine/UE_4.27/FeaturePacks/TP_TwinStickBP.upack)
[2022.05.22-14.31.35:935][  0]LogPakFile: OnPakFileMounted2Time == 0.000038
[2022.05.22-14.31.35:957][  0]LogPakFile: PakFile PrimaryIndexSize=183
[2022.05.22-14.31.35:957][  0]LogPakFile: PakFile PathHashIndexSize=101
[2022.05.22-14.31.35:957][  0]LogPakFile: PakFile FullDirectoryIndexSize=140
[2022.05.22-14.31.35:957][  0]LogShaderLibrary: Display: ShaderCodeLibraryPakFileMountedCallback: PakFile 'D:/Program Files/Unreal Engine/UE_4.27/FeaturePacks/TP_Vehicle.upack' (chunk index -1, root 'root:/') mounted
[2022.05.22-14.31.35:957][  0]LogShaderLibrary: Display: ShaderCodeLibraryPakFileMountedCallback: pending pak file info (ChunkID:-1 Root:root:/ File:D:/Program Files/Unreal Engine/UE_4.27/FeaturePacks/TP_Vehicle.upack)
[2022.05.22-14.31.35:957][  0]LogPakFile: OnPakFileMounted2Time == 0.000040
[2022.05.22-14.31.35:967][  0]LogPakFile: PakFile PrimaryIndexSize=186
[2022.05.22-14.31.35:967][  0]LogPakFile: PakFile PathHashIndexSize=101
[2022.05.22-14.31.35:967][  0]LogPakFile: PakFile FullDirectoryIndexSize=146
[2022.05.22-14.31.35:967][  0]LogShaderLibrary: Display: ShaderCodeLibraryPakFileMountedCallback: PakFile 'D:/Program Files/Unreal Engine/UE_4.27/FeaturePacks/TP_VehicleAdv.upack' (chunk index -1, root 'root:/') mounted
[2022.05.22-14.31.35:967][  0]LogShaderLibrary: Display: ShaderCodeLibraryPakFileMountedCallback: pending pak file info (ChunkID:-1 Root:root:/ File:D:/Program Files/Unreal Engine/UE_4.27/FeaturePacks/TP_VehicleAdv.upack)
[2022.05.22-14.31.35:967][  0]LogPakFile: OnPakFileMounted2Time == 0.000039
[2022.05.22-14.31.35:969][  0]LogPakFile: PakFile PrimaryIndexSize=188
[2022.05.22-14.31.35:969][  0]LogPakFile: PakFile PathHashIndexSize=101
[2022.05.22-14.31.35:969][  0]LogPakFile: PakFile FullDirectoryIndexSize=150
[2022.05.22-14.31.35:969][  0]LogShaderLibrary: Display: ShaderCodeLibraryPakFileMountedCallback: PakFile 'D:/Program Files/Unreal Engine/UE_4.27/FeaturePacks/TP_VehicleAdvBP.upack' (chunk index -1, root 'root:/') mounted
[2022.05.22-14.31.35:969][  0]LogShaderLibrary: Display: ShaderCodeLibraryPakFileMountedCallback: pending pak file info (ChunkID:-1 Root:root:/ File:D:/Program Files/Unreal Engine/UE_4.27/FeaturePacks/TP_VehicleAdvBP.upack)
[2022.05.22-14.31.35:969][  0]LogPakFile: OnPakFileMounted2Time == 0.000031
[2022.05.22-14.31.35:971][  0]LogPakFile: PakFile PrimaryIndexSize=185
[2022.05.22-14.31.35:971][  0]LogPakFile: PakFile PathHashIndexSize=101
[2022.05.22-14.31.35:971][  0]LogPakFile: PakFile FullDirectoryIndexSize=144
[2022.05.22-14.31.35:971][  0]LogShaderLibrary: Display: ShaderCodeLibraryPakFileMountedCallback: PakFile 'D:/Program Files/Unreal Engine/UE_4.27/FeaturePacks/TP_VehicleBP.upack' (chunk index -1, root 'root:/') mounted
[2022.05.22-14.31.35:971][  0]LogShaderLibrary: Display: ShaderCodeLibraryPakFileMountedCallback: pending pak file info (ChunkID:-1 Root:root:/ File:D:/Program Files/Unreal Engine/UE_4.27/FeaturePacks/TP_VehicleBP.upack)
[2022.05.22-14.31.35:971][  0]LogPakFile: OnPakFileMounted2Time == 0.000029
[2022.05.22-14.31.35:991][  0]LogPakFile: PakFile PrimaryIndexSize=192
[2022.05.22-14.31.35:991][  0]LogPakFile: PakFile PathHashIndexSize=101
[2022.05.22-14.31.35:991][  0]LogPakFile: PakFile FullDirectoryIndexSize=158
[2022.05.22-14.31.35:991][  0]LogShaderLibrary: Display: ShaderCodeLibraryPakFileMountedCallback: PakFile 'D:/Program Files/Unreal Engine/UE_4.27/FeaturePacks/TP_VirtualRealityBP.upack' (chunk index -1, root 'root:/') mounted
[2022.05.22-14.31.35:991][  0]LogShaderLibrary: Display: ShaderCodeLibraryPakFileMountedCallback: pending pak file info (ChunkID:-1 Root:root:/ File:D:/Program Files/Unreal Engine/UE_4.27/FeaturePacks/TP_VirtualRealityBP.upack)
[2022.05.22-14.31.35:991][  0]LogPakFile: OnPakFileMounted2Time == 0.000038
[2022.05.22-14.31.36:407][  0]LogNativeClassHierarchy: Verbose: Native class hierarchy updated for 'AddContentDialog' in 0.0003 seconds. Added 0 classes and 0 folders.
[2022.05.22-14.31.36:408][  0]LogNativeClassHierarchy: Verbose: Native class hierarchy updated for 'SceneOutliner' in 0.0002 seconds. Added 2 classes and 0 folders.
[2022.05.22-14.31.36:450][  0]LogSlate: Took 0.012011 seconds to synchronously load lazily loaded font '../../../Engine/Content/Editor/Slate/Fonts/FontAwesome.ttf' (139K)
[2022.05.22-14.31.36:451][  0]LogSlate: Took 0.000483 seconds to synchronously load lazily loaded font '../../../Engine/Content/Slate/Fonts/Roboto-Bold.ttf' (160K)
[2022.05.22-14.31.36:557][  0]LogRenderer: Reallocating scene render targets to support 1616x572 Format 10 NumSamples 1 (Frame:1).
[2022.05.22-14.31.36:739][  0]LogNativeClassHierarchy: Verbose: Native class hierarchy updated for 'HierarchicalLODOutliner' in 0.0003 seconds. Added 0 classes and 0 folders.
[2022.05.22-14.31.36:739][  0]LogInput: Warning: Action Jump uses invalid key OculusGo_Left_Trigger_Click.
[2022.05.22-14.31.36:739][  0]LogInput: Warning: Action ResetVR uses invalid key OculusGo_Left_Trackpad_Click.
[2022.05.22-14.31.36:739][  0]LogInput: Warning: Use -RemoveInvalidKeys to remove instances of these keys from the action mapping.
[2022.05.22-14.31.36:739][  0]LogLoad: (Engine Initialization) Total time: 140.62 seconds
[2022.05.22-14.31.36:739][  0]LogLoad: (Engine Initialization) Total Blueprint compile time: 0.00 seconds
[2022.05.22-14.31.36:778][  0]LogAssetRegistry: Asset discovery search completed in 127.6425 seconds
[2022.05.22-14.31.36:807][  0]LogCollectionManager: Fixed up redirectors for 0 collections in 0.000003 seconds (updated 0 objects)
[2022.05.22-14.31.36:813][  0]LogContentStreaming: Texture pool size now 1000 MB
[2022.05.22-14.31.36:876][  2]LogSlate: Took 0.009954 seconds to synchronously load lazily loaded font '../../../Engine/Content/Slate/Fonts/Roboto-Light.ttf' (167K)
[2022.05.22-14.31.37:770][ 70]LogSlate: Took 0.000282 seconds to synchronously load lazily loaded font '../../../Engine/Content/Slate/Fonts/Roboto-Light.ttf' (167K)
